# IT-ERA Baseline Configuration Log
# Generated: 2025-08-25 14:08

## Robots.txt Analysis
- URL: https://it-era.it/robots.txt
- Status: HTTP/2 200
- Key Features:
  - Cloudflare Managed Content
  - AI/Bot restrictions (GPTBot, ClaudeBot, CCBot, etc.)
  - No sitemap declaration found
  - No general crawler rules

## Current Robots.txt Content:
# NOTICE: The collection of content and other data on this
# site through automated means, including any device, tool,
# or process designed to data mine or scrape content, is
# prohibited except (1) for the purpose of search engine indexing or
# artificial intelligence retrieval augmented generation or (2) with express
# written permission from this site's operator.

User-agent: Amazonbot
Disallow: /

User-agent: Applebot-Extended  
Disallow: /

User-agent: Bytespider
Disallow: /

User-agent: CCBot
Disallow: /

User-agent: ClaudeBot
Disallow: /

User-agent: Google-Extended
Disallow: /

User-agent: GPTBot
Disallow: /

User-agent: meta-externalagent
Disallow: /

## Sitemap.xml Analysis
- URL: https://it-era.it/sitemap.xml
- Status: HTTP/2 200
- Content-Type: application/xml
- Structure: Standard XML sitemap format
- Sample URLs discovered:
  - https://it-era.it/ (priority: 1.0)
  - https://it-era.it/settori-studi-medici (priority: 0.7)
  - https://it-era.it/assistenza-it (priority: 0.9)

## Technical Headers
- HTTP/2: Enabled
- Security headers: Comprehensive
- CDN: Cloudflare active
- Preconnect optimization: Present