2025-08-24 16:40:10,601 - INFO - === Starting IT-ERA Comprehensive City Page Generator ===
2025-08-24 16:40:10,603 - INFO - Loaded data for 1502 municipalities
2025-08-24 16:40:10,603 - INFO - ✓ Template found: assistenza-it-template-new.html
2025-08-24 16:40:10,603 - INFO - ✓ Template found: sicurezza-informatica-template-redesigned.html
2025-08-24 16:40:10,603 - INFO - ✓ Template found: cloud-storage-template-new.html
2025-08-24 16:40:10,603 - INFO - Starting page generation for all municipalities...
2025-08-24 16:40:10,603 - INFO - Processing Varese province - 136 municipalities
2025-08-24 16:40:10,687 - INFO - Progress: 50/1502 municipalities processed
2025-08-24 16:40:10,766 - INFO - Progress: 100/1502 municipalities processed
2025-08-24 16:40:10,825 - INFO - Processing Como province - 147 municipalities
2025-08-24 16:40:10,847 - INFO - Progress: 150/1502 municipalities processed
2025-08-24 16:40:10,927 - INFO - Progress: 200/1502 municipalities processed
2025-08-24 16:40:11,017 - INFO - Progress: 250/1502 municipalities processed
2025-08-24 16:40:11,069 - INFO - Processing Sondrio province - 77 municipalities
2025-08-24 16:40:11,096 - INFO - Progress: 300/1502 municipalities processed
2025-08-24 16:40:11,176 - INFO - Progress: 350/1502 municipalities processed
2025-08-24 16:40:11,192 - INFO - Processing Milano province - 133 municipalities
2025-08-24 16:40:11,256 - INFO - Progress: 400/1502 municipalities processed
2025-08-24 16:40:11,335 - INFO - Progress: 450/1502 municipalities processed
2025-08-24 16:40:11,403 - INFO - Processing Bergamo province - 243 municipalities
2025-08-24 16:40:11,415 - INFO - Progress: 500/1502 municipalities processed
2025-08-24 16:40:11,495 - INFO - Progress: 550/1502 municipalities processed
2025-08-24 16:40:11,576 - INFO - Progress: 600/1502 municipalities processed
2025-08-24 16:40:11,657 - INFO - Progress: 650/1502 municipalities processed
2025-08-24 16:40:11,737 - INFO - Progress: 700/1502 municipalities processed
2025-08-24 16:40:11,795 - INFO - Processing Brescia province - 205 municipalities
2025-08-24 16:40:11,817 - INFO - Progress: 750/1502 municipalities processed
2025-08-24 16:40:11,900 - INFO - Progress: 800/1502 municipalities processed
2025-08-24 16:40:11,980 - INFO - Progress: 850/1502 municipalities processed
2025-08-24 16:40:12,060 - INFO - Progress: 900/1502 municipalities processed
2025-08-24 16:40:12,129 - INFO - Processing Pavia province - 185 municipalities
2025-08-24 16:40:12,143 - INFO - Progress: 950/1502 municipalities processed
2025-08-24 16:40:12,223 - INFO - Progress: 1000/1502 municipalities processed
2025-08-24 16:40:12,301 - INFO - Progress: 1050/1502 municipalities processed
2025-08-24 16:40:12,384 - INFO - Progress: 1100/1502 municipalities processed
2025-08-24 16:40:12,430 - INFO - Processing Cremona province - 113 municipalities
2025-08-24 16:40:12,487 - INFO - Progress: 1150/1502 municipalities processed
2025-08-24 16:40:12,567 - INFO - Progress: 1200/1502 municipalities processed
2025-08-24 16:40:12,631 - INFO - Processing Mantova province - 64 municipalities
2025-08-24 16:40:12,649 - INFO - Progress: 1250/1502 municipalities processed
2025-08-24 16:40:12,728 - INFO - Progress: 1300/1502 municipalities processed
2025-08-24 16:40:12,733 - INFO - Processing Lecco province - 84 municipalities
2025-08-24 16:40:12,808 - INFO - Progress: 1350/1502 municipalities processed
2025-08-24 16:40:12,867 - INFO - Processing Lodi province - 60 municipalities
2025-08-24 16:40:12,889 - INFO - Progress: 1400/1502 municipalities processed
2025-08-24 16:40:12,966 - INFO - Processing Monza e della Brianza province - 55 municipalities
2025-08-24 16:40:12,971 - INFO - Progress: 1450/1502 municipalities processed
2025-08-24 16:40:13,051 - INFO - Progress: 1500/1502 municipalities processed
2025-08-24 16:40:13,054 - INFO - Generation complete! Total pages: 9012/9012
2025-08-24 16:40:13,054 - INFO - Updating sitemap.xml...
2025-08-24 16:40:13,080 - INFO - Sitemap updated with 4511 URLs
2025-08-24 16:40:13,080 - INFO - Generation complete! Check the summary above for details.
