# HIVESTORM Coordination Log - IT-ERA Mission
# Generated: 2025-08-25 14:10

## Mission Parameters
MISSION: Technical SEO hardening for https://it-era.it
SWARM_ID: swarm_1756130875859_gj9nnc4ps
TOPOLOGY: Hierarchical (8 agents)
TASK_ID: task_1756130920264_gmn95yicx

## Agent Deployment Log
[14:08:38] TECH_SEO_ENGINEER deployed (agent_1756130918582_h5xe27)
[14:08:38] SITEMAP_GUARDIAN deployed (agent_1756130918883_6jdual)
[14:08:39] CRAWL_ANALYST deployed (agent_1756130919193_umduhw)
[14:08:39] CLOUDFLARE_SPECIALIST deployed (agent_1756130919601_5eb3l8)
[14:10:01] GSC_OPERATOR deployed (agent_1756131001650_a9f1eo)
[14:10:01] CONVERSION_ENGINEER deployed (agent_1756131001989_2l9xku)
[14:10:02] TRACKING_ANALYST deployed (agent_1756131002432_0n0yby)
[14:10:02] QA_LEAD deployed (agent_1756131002785_zloz9t)

## Discovery Phase Results
PHP_RUNTIME: PHP 8.4.8 (cli) ✅ OPERATIONAL
CURRENT_URLS: 1,427 URLs discovered
SITEMAP_SIZE: 8,564 lines
ROBOTS_STATUS: Active, missing sitemap declaration ⚠️
SECURITY_HEADERS: Comprehensive ✅
CDN_STATUS: Cloudflare active ✅

## Performance Metrics
SUCCESS_RATE: 89.65% (123 tasks)
AVG_EXECUTION_TIME: 11.95 seconds
MEMORY_EFFICIENCY: 99.05%
NEURAL_EVENTS: 82 patterns

## Critical Findings
1. ROBOTS.TXT: Missing sitemap declaration (PRIORITY 1)
2. URL_SCALE: 1,427 URLs require health validation
3. TECHNICAL_SEO: Current implementation solid, needs optimization
4. CONVERSION_TRACKING: IT-ERA chatbot widget operational
5. PAGE_MODIFICATIONS: assistenza-it.html recently updated

## Next Phase Actions
PRIORITY_1: Add sitemap declaration to robots.txt
PRIORITY_2: Deploy Sitemap Guardian with 404 pruning
PRIORITY_3: Complete URL health audit (1,427 URLs)
PRIORITY_4: Search Console integration
PRIORITY_5: Conversion optimization validation

## Memory Storage
NAMESPACE: it-era-seo
KEY: hivestorm_mission_status
STATUS: Phase 0-2 complete, agents operational

## Coordination Status: ACTIVE
All 8 specialized agents ready for parallel execution.