2025-08-24 18:01:33,647 - INFO - Starting PC repair pages generation...
2025-08-24 18:01:33,647 - INFO - ==================================================
2025-08-24 18:01:33,652 - INFO - Backing up 1502 existing PC repair pages
2025-08-24 18:01:34,151 - INFO - Backup completed: backup/pc_repair_backup_20250824_180133
2025-08-24 18:01:34,156 - INFO - Loaded 1502 cities from 12 provinces
2025-08-24 18:01:34,158 - INFO - Template loaded and cleaned successfully
2025-08-24 18:01:34,158 - INFO - Processing 1502 cities...
2025-08-24 18:01:34,158 - INFO - Processing batch 1/31 (50 cities)
2025-08-24 18:01:34,158 - INFO - Processing batch 2/31 (50 cities)
2025-08-24 18:01:34,158 - INFO - Processing batch 3/31 (50 cities)
2025-08-24 18:01:34,159 - INFO - Processing batch 4/31 (50 cities)
2025-08-24 18:01:34,159 - INFO - Processing batch 5/31 (50 cities)
2025-08-24 18:01:34,159 - INFO - Processing batch 6/31 (50 cities)
2025-08-24 18:01:34,160 - INFO - Processing batch 7/31 (50 cities)
2025-08-24 18:01:34,160 - INFO - Processing batch 8/31 (50 cities)
2025-08-24 18:01:34,161 - INFO - Processing batch 9/31 (50 cities)
2025-08-24 18:01:34,161 - INFO - Processing batch 10/31 (50 cities)
2025-08-24 18:01:34,161 - INFO - Processing batch 11/31 (50 cities)
2025-08-24 18:01:34,161 - INFO - Processing batch 12/31 (50 cities)
2025-08-24 18:01:34,162 - INFO - Processing batch 13/31 (50 cities)
2025-08-24 18:01:34,162 - INFO - Processing batch 14/31 (50 cities)
2025-08-24 18:01:34,162 - INFO - Processing batch 15/31 (50 cities)
2025-08-24 18:01:34,162 - INFO - Processing batch 16/31 (50 cities)
2025-08-24 18:01:34,162 - INFO - Processing batch 17/31 (50 cities)
2025-08-24 18:01:34,163 - INFO - Processing batch 18/31 (50 cities)
2025-08-24 18:01:34,163 - INFO - Processing batch 19/31 (50 cities)
2025-08-24 18:01:34,164 - INFO - Processing batch 20/31 (50 cities)
2025-08-24 18:01:34,164 - INFO - Processing batch 21/31 (50 cities)
2025-08-24 18:01:34,165 - INFO - Processing batch 22/31 (50 cities)
2025-08-24 18:01:34,165 - INFO - Processing batch 23/31 (50 cities)
2025-08-24 18:01:34,165 - INFO - Processing batch 24/31 (50 cities)
2025-08-24 18:01:34,166 - INFO - Processing batch 25/31 (50 cities)
2025-08-24 18:01:34,167 - INFO - Processing batch 26/31 (50 cities)
2025-08-24 18:01:34,167 - INFO - Processing batch 27/31 (50 cities)
2025-08-24 18:01:34,167 - INFO - Processing batch 28/31 (50 cities)
2025-08-24 18:01:34,168 - INFO - Processing batch 29/31 (50 cities)
2025-08-24 18:01:34,168 - INFO - Processing batch 30/31 (50 cities)
2025-08-24 18:01:34,168 - INFO - Processing batch 31/31 (2 cities)
2025-08-24 18:01:34,210 - INFO - Batch 1 completed: 50 success, 0 errors
2025-08-24 18:01:34,211 - INFO - Batch 2 completed: 50 success, 0 errors
2025-08-24 18:01:34,213 - INFO - Batch 3 completed: 50 success, 0 errors
2025-08-24 18:01:34,213 - INFO - Batch 4 completed: 50 success, 0 errors
2025-08-24 18:01:34,262 - INFO - Batch 5 completed: 50 success, 0 errors
2025-08-24 18:01:34,264 - INFO - Batch 6 completed: 50 success, 0 errors
2025-08-24 18:01:34,264 - INFO - Batch 7 completed: 50 success, 0 errors
2025-08-24 18:01:34,266 - INFO - Batch 8 completed: 50 success, 0 errors
2025-08-24 18:01:34,317 - INFO - Batch 9 completed: 50 success, 0 errors
2025-08-24 18:01:34,317 - INFO - Batch 10 completed: 50 success, 0 errors
2025-08-24 18:01:34,318 - INFO - Batch 11 completed: 50 success, 0 errors
2025-08-24 18:01:34,318 - INFO - Batch 12 completed: 50 success, 0 errors
2025-08-24 18:01:34,369 - INFO - Batch 13 completed: 50 success, 0 errors
2025-08-24 18:01:34,370 - INFO - Batch 14 completed: 50 success, 0 errors
2025-08-24 18:01:34,373 - INFO - Batch 15 completed: 50 success, 0 errors
2025-08-24 18:01:34,373 - INFO - Batch 16 completed: 50 success, 0 errors
2025-08-24 18:01:34,422 - INFO - Batch 17 completed: 50 success, 0 errors
2025-08-24 18:01:34,426 - INFO - Batch 18 completed: 50 success, 0 errors
2025-08-24 18:01:34,426 - INFO - Batch 19 completed: 50 success, 0 errors
2025-08-24 18:01:34,427 - INFO - Batch 20 completed: 50 success, 0 errors
2025-08-24 18:01:34,478 - INFO - Batch 21 completed: 50 success, 0 errors
2025-08-24 18:01:34,478 - INFO - Batch 22 completed: 50 success, 0 errors
2025-08-24 18:01:34,480 - INFO - Batch 23 completed: 50 success, 0 errors
2025-08-24 18:01:34,481 - INFO - Batch 24 completed: 50 success, 0 errors
2025-08-24 18:01:34,531 - INFO - Batch 25 completed: 50 success, 0 errors
2025-08-24 18:01:34,531 - INFO - Batch 26 completed: 50 success, 0 errors
2025-08-24 18:01:34,533 - INFO - Batch 27 completed: 50 success, 0 errors
2025-08-24 18:01:34,533 - INFO - Batch 28 completed: 50 success, 0 errors
2025-08-24 18:01:34,534 - INFO - Batch 29 completed: 2 success, 0 errors
2025-08-24 18:01:34,558 - INFO - Batch 30 completed: 50 success, 0 errors
2025-08-24 18:01:34,558 - INFO - Batch 31 completed: 50 success, 0 errors
2025-08-24 18:01:34,558 - INFO - Updating sitemap...
2025-08-24 18:01:34,558 - INFO - Generated 1502 PC repair URLs for sitemap
2025-08-24 18:01:34,562 - INFO - Sitemap updated with 1502 PC repair pages
2025-08-24 18:01:34,562 - INFO - Verifying sample generated pages...
2025-08-24 18:01:34,563 - INFO - ✓ Milano page generated correctly
2025-08-24 18:01:34,563 - INFO - ✓ Milano page clean of 'gratuito' references
2025-08-24 18:01:34,563 - INFO - ✓ Bergamo page generated correctly
2025-08-24 18:01:34,564 - INFO - ✓ Bergamo page clean of 'gratuito' references
2025-08-24 18:01:34,564 - INFO - ✓ Segrate page generated correctly
2025-08-24 18:01:34,564 - INFO - ✓ Segrate page clean of 'gratuito' references
2025-08-24 18:01:34,564 - INFO - ==================================================
2025-08-24 18:01:34,564 - INFO - PC REPAIR PAGES GENERATION COMPLETED
2025-08-24 18:01:34,564 - INFO - Total cities processed: 1502
2025-08-24 18:01:34,564 - INFO - Successful generations: 1502
2025-08-24 18:01:34,564 - INFO - Errors: 0
2025-08-24 18:01:34,564 - INFO - Success rate: 100.0%
2025-08-24 18:01:34,564 - INFO - ✅ All PC repair pages generated successfully!
2025-08-24 18:01:34,564 - INFO - Pages saved to: /Users/andreapanzeri/progetti/IT-ERA/web/pages
2025-08-24 18:01:34,565 - INFO - Log file: logs/pc-repair-generation-20250824_180134.log
