IT-ERA PC REPAIR PAGES GENERATION LOG
=====================================
Generated: 2025-08-24T15:21:50.999Z
Template: /Users/andreapanzeri/progetti/IT-ERA/templates/riparazione-pc-template.html
Data Source: /Users/andreapanzeri/progetti/IT-ERA/data/lombardy-complete-official.json

SUMMARY
-------
Total Municipalities: 1502
Pages Generated: 1502
Successful: 1502
Errors: 0
Processing Time: 0.52 seconds
Pages per Second: 2882.92

PROVINCE BREAKDOWN
------------------
Varese: 136 pages
Como: 147 pages
Sondrio: 77 pages
Milano: 133 pages
Bergamo: 243 pages
Brescia: 205 pages
Pavia: 185 pages
Cremona: 113 pages
Mantova: 64 pages
Lecco: 84 pages
Lodi: 60 pages
Monza e della Brianza: 55 pages

SUCCESSFUL PAGES
----------------
✅ riparazione-pc-agra.html (Agra, Varese) - 76.0KB
✅ riparazione-pc-albizzate.html (Albizzate, Varese) - 76.2KB
✅ riparazione-pc-angera.html (Angera, Varese) - 76.1KB
✅ riparazione-pc-arcisate.html (Arcisate, Varese) - 76.2KB
✅ riparazione-pc-arsago-seprio.html (Arsago Seprio, Varese) - 76.4KB
✅ riparazione-pc-azzate.html (Azzate, Varese) - 76.1KB
✅ riparazione-pc-azzio.html (Azzio, Varese) - 76.1KB
✅ riparazione-pc-barasso.html (Barasso, Varese) - 76.2KB
✅ riparazione-pc-bedero-valcuvia.html (Bedero Valcuvia, Varese) - 76.5KB
✅ riparazione-pc-besano.html (Besano, Varese) - 76.1KB
✅ riparazione-pc-besnate.html (Besnate, Varese) - 76.2KB
✅ riparazione-pc-besozzo.html (Besozzo, Varese) - 76.2KB
✅ riparazione-pc-biandronno.html (Biandronno, Varese) - 76.3KB
✅ riparazione-pc-bisuschio.html (Bisuschio, Varese) - 76.2KB
✅ riparazione-pc-bodio-lomnago.html (Bodio Lomnago, Varese) - 76.4KB
✅ riparazione-pc-brebbia.html (Brebbia, Varese) - 76.2KB
✅ riparazione-pc-brenta.html (Brenta, Varese) - 76.1KB
✅ riparazione-pc-brezzo-di-bedero.html (Brezzo di Bedero, Varese) - 76.5KB
✅ riparazione-pc-brinzio.html (Brinzio, Varese) - 76.2KB
✅ riparazione-pc-brissago-valtravaglia.html (Brissago-Valtravaglia, Varese) - 76.7KB
✅ riparazione-pc-brunello.html (Brunello, Varese) - 76.2KB
✅ riparazione-pc-brusimpiano.html (Brusimpiano, Varese) - 76.3KB
✅ riparazione-pc-buguggiate.html (Buguggiate, Varese) - 76.3KB
✅ riparazione-pc-busto-arsizio.html (Busto Arsizio, Varese) - 76.4KB
✅ riparazione-pc-cadegliano-viconago.html (Cadegliano-Viconago, Varese) - 76.7KB
✅ riparazione-pc-cairate.html (Cairate, Varese) - 76.2KB
✅ riparazione-pc-cantello.html (Cantello, Varese) - 76.2KB
✅ riparazione-pc-caravate.html (Caravate, Varese) - 76.2KB
✅ riparazione-pc-cardano-al-campo.html (Cardano al Campo, Varese) - 76.5KB
✅ riparazione-pc-carnago.html (Carnago, Varese) - 76.2KB
✅ riparazione-pc-caronno-pertusella.html (Caronno Pertusella, Varese) - 76.6KB
✅ riparazione-pc-caronno-varesino.html (Caronno Varesino, Varese) - 76.5KB
✅ riparazione-pc-casale-litta.html (Casale Litta, Varese) - 76.4KB
✅ riparazione-pc-casalzuigno.html (Casalzuigno, Varese) - 76.3KB
✅ riparazione-pc-casciago.html (Casciago, Varese) - 76.2KB
✅ riparazione-pc-casorate-sempione.html (Casorate Sempione, Varese) - 76.6KB
✅ riparazione-pc-cassano-magnago.html (Cassano Magnago, Varese) - 76.5KB
✅ riparazione-pc-cassano-valcuvia.html (Cassano Valcuvia, Varese) - 76.5KB
✅ riparazione-pc-castellanza.html (Castellanza, Varese) - 76.3KB
✅ riparazione-pc-castello-cabiaglio.html (Castello Cabiaglio, Varese) - 76.6KB
✅ riparazione-pc-castelseprio.html (Castelseprio, Varese) - 76.4KB
✅ riparazione-pc-castelveccana.html (Castelveccana, Varese) - 76.4KB
✅ riparazione-pc-castiglione-olona.html (Castiglione Olona, Varese) - 76.6KB
✅ riparazione-pc-castronno.html (Castronno, Varese) - 76.2KB
✅ riparazione-pc-cavaria-con-premezzo.html (Cavaria con Premezzo, Varese) - 76.7KB
✅ riparazione-pc-cazzago-brabbia.html (Cazzago Brabbia, Varese) - 76.5KB
✅ riparazione-pc-cislago.html (Cislago, Varese) - 76.2KB
✅ riparazione-pc-cittiglio.html (Cittiglio, Varese) - 76.2KB
✅ riparazione-pc-clivio.html (Clivio, Varese) - 76.1KB
✅ riparazione-pc-cocquio-trevisago.html (Cocquio-Trevisago, Varese) - 76.6KB
✅ riparazione-pc-comabbio.html (Comabbio, Varese) - 76.2KB
✅ riparazione-pc-comerio.html (Comerio, Varese) - 76.2KB
✅ riparazione-pc-cremenaga.html (Cremenaga, Varese) - 76.2KB
✅ riparazione-pc-crosio-della-valle.html (Crosio della Valle, Varese) - 76.6KB
✅ riparazione-pc-cuasso-al-monte.html (Cuasso al Monte, Varese) - 76.5KB
✅ riparazione-pc-cugliate-fabiasco.html (Cugliate-Fabiasco, Varese) - 76.6KB
✅ riparazione-pc-cunardo.html (Cunardo, Varese) - 76.2KB
✅ riparazione-pc-curiglia-con-monteviasco.html (Curiglia con Monteviasco, Varese) - 76.9KB
✅ riparazione-pc-cuveglio.html (Cuveglio, Varese) - 76.2KB
✅ riparazione-pc-cuvio.html (Cuvio, Varese) - 76.1KB
✅ riparazione-pc-daverio.html (Daverio, Varese) - 76.2KB
✅ riparazione-pc-dumenza.html (Dumenza, Varese) - 76.2KB
✅ riparazione-pc-duno.html (Duno, Varese) - 76.0KB
✅ riparazione-pc-fagnano-olona.html (Fagnano Olona, Varese) - 76.4KB
✅ riparazione-pc-ferno.html (Ferno, Varese) - 76.1KB
✅ riparazione-pc-ferrera-di-varese.html (Ferrera di Varese, Varese) - 76.6KB
✅ riparazione-pc-gallarate.html (Gallarate, Varese) - 76.2KB
✅ riparazione-pc-galliate-lombardo.html (Galliate Lombardo, Varese) - 76.6KB
✅ riparazione-pc-gavirate.html (Gavirate, Varese) - 76.2KB
✅ riparazione-pc-gazzada-schianno.html (Gazzada Schianno, Varese) - 76.5KB
✅ riparazione-pc-gemonio.html (Gemonio, Varese) - 76.2KB
✅ riparazione-pc-gerenzano.html (Gerenzano, Varese) - 76.2KB
✅ riparazione-pc-germignaga.html (Germignaga, Varese) - 76.3KB
✅ riparazione-pc-golasecca.html (Golasecca, Varese) - 76.2KB
✅ riparazione-pc-gorla-maggiore.html (Gorla Maggiore, Varese) - 76.4KB
✅ riparazione-pc-gorla-minore.html (Gorla Minore, Varese) - 76.4KB
✅ riparazione-pc-gornate-olona.html (Gornate Olona, Varese) - 76.4KB
✅ riparazione-pc-grantola.html (Grantola, Varese) - 76.2KB
✅ riparazione-pc-inarzo.html (Inarzo, Varese) - 76.1KB
✅ riparazione-pc-induno-olona.html (Induno Olona, Varese) - 76.4KB
✅ riparazione-pc-ispra.html (Ispra, Varese) - 76.1KB
✅ riparazione-pc-jerago-con-orago.html (Jerago con Orago, Varese) - 76.5KB
✅ riparazione-pc-lavena-ponte-tresa.html (Lavena Ponte Tresa, Varese) - 76.6KB
✅ riparazione-pc-laveno-mombello.html (Laveno-Mombello, Varese) - 76.5KB
✅ riparazione-pc-leggiuno.html (Leggiuno, Varese) - 76.2KB
✅ riparazione-pc-lonate-ceppino.html (Lonate Ceppino, Varese) - 76.4KB
✅ riparazione-pc-lonate-pozzolo.html (Lonate Pozzolo, Varese) - 76.4KB
✅ riparazione-pc-lozza.html (Lozza, Varese) - 76.1KB
✅ riparazione-pc-luino.html (Luino, Varese) - 76.1KB
✅ riparazione-pc-luvinate.html (Luvinate, Varese) - 76.2KB
✅ riparazione-pc-malnate.html (Malnate, Varese) - 76.2KB
✅ riparazione-pc-marchirolo.html (Marchirolo, Varese) - 76.3KB
✅ riparazione-pc-marnate.html (Marnate, Varese) - 76.2KB
✅ riparazione-pc-marzio.html (Marzio, Varese) - 76.1KB
✅ riparazione-pc-masciago-primo.html (Masciago Primo, Varese) - 76.4KB
✅ riparazione-pc-mercallo.html (Mercallo, Varese) - 76.2KB
✅ riparazione-pc-mesenzana.html (Mesenzana, Varese) - 76.2KB
✅ riparazione-pc-montegrino-valtravaglia.html (Montegrino Valtravaglia, Varese) - 76.8KB
✅ riparazione-pc-monvalle.html (Monvalle, Varese) - 76.2KB
✅ riparazione-pc-morazzone.html (Morazzone, Varese) - 76.2KB
✅ riparazione-pc-mornago.html (Mornago, Varese) - 76.2KB
✅ riparazione-pc-oggiona-con-santo-stefano.html (Oggiona con Santo Stefano, Varese) - 76.9KB
✅ riparazione-pc-olgiate-olona.html (Olgiate Olona, Varese) - 76.4KB
✅ riparazione-pc-origgio.html (Origgio, Varese) - 76.2KB
✅ riparazione-pc-orino.html (Orino, Varese) - 76.1KB
✅ riparazione-pc-porto-ceresio.html (Porto Ceresio, Varese) - 76.4KB
✅ riparazione-pc-porto-valtravaglia.html (Porto Valtravaglia, Varese) - 76.6KB
✅ riparazione-pc-rancio-valcuvia.html (Rancio Valcuvia, Varese) - 76.5KB
✅ riparazione-pc-ranco.html (Ranco, Varese) - 76.1KB
✅ riparazione-pc-saltrio.html (Saltrio, Varese) - 76.2KB
✅ riparazione-pc-samarate.html (Samarate, Varese) - 76.2KB
✅ riparazione-pc-saronno.html (Saronno, Varese) - 76.2KB
✅ riparazione-pc-sesto-calende.html (Sesto Calende, Varese) - 76.4KB
✅ riparazione-pc-solbiate-arno.html (Solbiate Arno, Varese) - 76.4KB
✅ riparazione-pc-solbiate-olona.html (Solbiate Olona, Varese) - 76.4KB
✅ riparazione-pc-somma-lombardo.html (Somma Lombardo, Varese) - 76.4KB
✅ riparazione-pc-sumirago.html (Sumirago, Varese) - 76.2KB
✅ riparazione-pc-taino.html (Taino, Varese) - 76.1KB
✅ riparazione-pc-ternate.html (Ternate, Varese) - 76.2KB
✅ riparazione-pc-tradate.html (Tradate, Varese) - 76.2KB
✅ riparazione-pc-travedona-monate.html (Travedona-Monate, Varese) - 76.5KB
✅ riparazione-pc-tronzano-lago-maggiore.html (Tronzano Lago Maggiore, Varese) - 76.8KB
✅ riparazione-pc-uboldo.html (Uboldo, Varese) - 76.1KB
✅ riparazione-pc-valganna.html (Valganna, Varese) - 76.2KB
✅ riparazione-pc-varano-borghi.html (Varano Borghi, Varese) - 76.4KB
✅ riparazione-pc-varese.html (Varese, Varese) - 76.1KB
✅ riparazione-pc-vedano-olona.html (Vedano Olona, Varese) - 76.4KB
✅ riparazione-pc-venegono-inferiore.html (Venegono Inferiore, Varese) - 76.6KB
✅ riparazione-pc-venegono-superiore.html (Venegono Superiore, Varese) - 76.6KB
✅ riparazione-pc-vergiate.html (Vergiate, Varese) - 76.2KB
✅ riparazione-pc-viggiu.html (Viggiù, Varese) - 76.1KB
✅ riparazione-pc-vizzola-ticino.html (Vizzola Ticino, Varese) - 76.4KB
✅ riparazione-pc-sangiano.html (Sangiano, Varese) - 76.2KB
✅ riparazione-pc-maccagno-con-pino-e-veddasca.html (Maccagno con Pino e Veddasca, Varese) - 77.0KB
✅ riparazione-pc-cadrezzate-con-osmate.html (Cadrezzate con Osmate, Varese) - 76.7KB
✅ riparazione-pc-bardello-con-malgesso-e-bregano.html (Bardello con Malgesso e Bregano, Varese) - 77.2KB
✅ riparazione-pc-albavilla.html (Albavilla, Como) - 76.2KB
✅ riparazione-pc-albese-con-cassano.html (Albese con Cassano, Como) - 76.6KB
✅ riparazione-pc-albiolo.html (Albiolo, Como) - 76.2KB
✅ riparazione-pc-alserio.html (Alserio, Como) - 76.2KB
✅ riparazione-pc-alzate-brianza.html (Alzate Brianza, Como) - 76.4KB
✅ riparazione-pc-anzano-del-parco.html (Anzano del Parco, Como) - 76.5KB
✅ riparazione-pc-appiano-gentile.html (Appiano Gentile, Como) - 76.5KB
✅ riparazione-pc-argegno.html (Argegno, Como) - 76.2KB
✅ riparazione-pc-arosio.html (Arosio, Como) - 76.1KB
✅ riparazione-pc-asso.html (Asso, Como) - 76.0KB
✅ riparazione-pc-barni.html (Barni, Como) - 76.1KB
✅ riparazione-pc-bene-lario.html (Bene Lario, Como) - 76.3KB
✅ riparazione-pc-beregazzo-con-figliaro.html (Beregazzo con Figliaro, Como) - 76.8KB
✅ riparazione-pc-binago.html (Binago, Como) - 76.1KB
✅ riparazione-pc-bizzarone.html (Bizzarone, Como) - 76.2KB
✅ riparazione-pc-blessagno.html (Blessagno, Como) - 76.2KB
✅ riparazione-pc-blevio.html (Blevio, Como) - 76.1KB
✅ riparazione-pc-bregnano.html (Bregnano, Como) - 76.2KB
✅ riparazione-pc-brenna.html (Brenna, Como) - 76.1KB
✅ riparazione-pc-brienno.html (Brienno, Como) - 76.2KB
✅ riparazione-pc-brunate.html (Brunate, Como) - 76.2KB
✅ riparazione-pc-bulgarograsso.html (Bulgarograsso, Como) - 76.4KB
✅ riparazione-pc-cabiate.html (Cabiate, Como) - 76.2KB
✅ riparazione-pc-cadorago.html (Cadorago, Como) - 76.2KB
✅ riparazione-pc-caglio.html (Caglio, Como) - 76.1KB
✅ riparazione-pc-campione-ditalia.html (Campione d'Italia, Como) - 76.6KB
✅ riparazione-pc-cantu.html (Cantù, Como) - 76.1KB
✅ riparazione-pc-canzo.html (Canzo, Como) - 76.1KB
✅ riparazione-pc-capiago-intimiano.html (Capiago Intimiano, Como) - 76.6KB
✅ riparazione-pc-carate-urio.html (Carate Urio, Como) - 76.3KB
✅ riparazione-pc-carbonate.html (Carbonate, Como) - 76.2KB
✅ riparazione-pc-carimate.html (Carimate, Como) - 76.2KB
✅ riparazione-pc-carlazzo.html (Carlazzo, Como) - 76.2KB
✅ riparazione-pc-carugo.html (Carugo, Como) - 76.1KB
✅ riparazione-pc-caslino-derba.html (Caslino d'Erba, Como) - 76.4KB
✅ riparazione-pc-casnate-con-bernate.html (Casnate con Bernate, Como) - 76.7KB
✅ riparazione-pc-cassina-rizzardi.html (Cassina Rizzardi, Como) - 76.5KB
✅ riparazione-pc-castelmarte.html (Castelmarte, Como) - 76.3KB
✅ riparazione-pc-castelnuovo-bozzente.html (Castelnuovo Bozzente, Como) - 76.7KB
✅ riparazione-pc-cavargna.html (Cavargna, Como) - 76.2KB
✅ riparazione-pc-cerano-dintelvi.html (Cerano d'Intelvi, Como) - 76.5KB
✅ riparazione-pc-cermenate.html (Cermenate, Como) - 76.2KB
✅ riparazione-pc-cernobbio.html (Cernobbio, Como) - 76.2KB
✅ riparazione-pc-cirimido.html (Cirimido, Como) - 76.2KB
✅ riparazione-pc-claino-con-osteno.html (Claino con Osteno, Como) - 76.6KB
✅ riparazione-pc-colonno.html (Colonno, Como) - 76.2KB
✅ riparazione-pc-como.html (Como, Como) - 76.0KB
✅ riparazione-pc-corrido.html (Corrido, Como) - 76.2KB
✅ riparazione-pc-cremia.html (Cremia, Como) - 76.1KB
✅ riparazione-pc-cucciago.html (Cucciago, Como) - 76.2KB
✅ riparazione-pc-cusino.html (Cusino, Como) - 76.1KB
✅ riparazione-pc-dizzasco.html (Dizzasco, Como) - 76.2KB
✅ riparazione-pc-domaso.html (Domaso, Como) - 76.1KB
✅ riparazione-pc-dongo.html (Dongo, Como) - 76.1KB
✅ riparazione-pc-dosso-del-liro.html (Dosso del Liro, Como) - 76.4KB
✅ riparazione-pc-erba.html (Erba, Como) - 76.0KB
✅ riparazione-pc-eupilio.html (Eupilio, Como) - 76.2KB
✅ riparazione-pc-faggeto-lario.html (Faggeto Lario, Como) - 76.4KB
✅ riparazione-pc-faloppio.html (Faloppio, Como) - 76.2KB
✅ riparazione-pc-fenegro.html (Fenegrò, Como) - 76.2KB
✅ riparazione-pc-figino-serenza.html (Figino Serenza, Como) - 76.4KB
✅ riparazione-pc-fino-mornasco.html (Fino Mornasco, Como) - 76.4KB
✅ riparazione-pc-garzeno.html (Garzeno, Como) - 76.2KB
✅ riparazione-pc-gera-lario.html (Gera Lario, Como) - 76.3KB
✅ riparazione-pc-grandate.html (Grandate, Como) - 76.2KB
✅ riparazione-pc-grandola-ed-uniti.html (Grandola ed Uniti, Como) - 76.6KB
✅ riparazione-pc-griante.html (Griante, Como) - 76.2KB
✅ riparazione-pc-guanzate.html (Guanzate, Como) - 76.2KB
✅ riparazione-pc-inverigo.html (Inverigo, Como) - 76.2KB
✅ riparazione-pc-laglio.html (Laglio, Como) - 76.1KB
✅ riparazione-pc-laino.html (Laino, Como) - 76.1KB
✅ riparazione-pc-lambrugo.html (Lambrugo, Como) - 76.2KB
✅ riparazione-pc-lasnigo.html (Lasnigo, Como) - 76.2KB
✅ riparazione-pc-lezzeno.html (Lezzeno, Como) - 76.2KB
✅ riparazione-pc-limido-comasco.html (Limido Comasco, Como) - 76.4KB
✅ riparazione-pc-lipomo.html (Lipomo, Como) - 76.1KB
✅ riparazione-pc-livo.html (Livo, Como) - 76.0KB
✅ riparazione-pc-locate-varesino.html (Locate Varesino, Como) - 76.5KB
✅ riparazione-pc-lomazzo.html (Lomazzo, Como) - 76.2KB
✅ riparazione-pc-longone-al-segrino.html (Longone al Segrino, Como) - 76.6KB
✅ riparazione-pc-luisago.html (Luisago, Como) - 76.2KB
✅ riparazione-pc-lurago-derba.html (Lurago d'Erba, Como) - 76.4KB
✅ riparazione-pc-lurago-marinone.html (Lurago Marinone, Como) - 76.5KB
✅ riparazione-pc-lurate-caccivio.html (Lurate Caccivio, Como) - 76.5KB
✅ riparazione-pc-magreglio.html (Magreglio, Como) - 76.2KB
✅ riparazione-pc-mariano-comense.html (Mariano Comense, Como) - 76.5KB
✅ riparazione-pc-maslianico.html (Maslianico, Como) - 76.3KB
✅ riparazione-pc-menaggio.html (Menaggio, Como) - 76.2KB
✅ riparazione-pc-merone.html (Merone, Como) - 76.1KB
✅ riparazione-pc-moltrasio.html (Moltrasio, Como) - 76.2KB
✅ riparazione-pc-monguzzo.html (Monguzzo, Como) - 76.2KB
✅ riparazione-pc-montano-lucino.html (Montano Lucino, Como) - 76.4KB
✅ riparazione-pc-montemezzo.html (Montemezzo, Como) - 76.3KB
✅ riparazione-pc-montorfano.html (Montorfano, Como) - 76.3KB
✅ riparazione-pc-mozzate.html (Mozzate, Como) - 76.2KB
✅ riparazione-pc-musso.html (Musso, Como) - 76.1KB
✅ riparazione-pc-nesso.html (Nesso, Como) - 76.1KB
✅ riparazione-pc-novedrate.html (Novedrate, Como) - 76.2KB
✅ riparazione-pc-olgiate-comasco.html (Olgiate Comasco, Como) - 76.5KB
✅ riparazione-pc-oltrona-di-san-mamette.html (Oltrona di San Mamette, Como) - 76.8KB
✅ riparazione-pc-orsenigo.html (Orsenigo, Como) - 76.2KB
✅ riparazione-pc-peglio.html (Peglio, Como) - 76.1KB
✅ riparazione-pc-pianello-del-lario.html (Pianello del Lario, Como) - 76.6KB
✅ riparazione-pc-pigra.html (Pigra, Como) - 76.1KB
✅ riparazione-pc-plesio.html (Plesio, Como) - 76.1KB
✅ riparazione-pc-pognana-lario.html (Pognana Lario, Como) - 76.4KB
✅ riparazione-pc-ponna.html (Ponna, Como) - 76.1KB
✅ riparazione-pc-ponte-lambro.html (Ponte Lambro, Como) - 76.4KB
✅ riparazione-pc-porlezza.html (Porlezza, Como) - 76.2KB
✅ riparazione-pc-proserpio.html (Proserpio, Como) - 76.2KB
✅ riparazione-pc-pusiano.html (Pusiano, Como) - 76.2KB
✅ riparazione-pc-rezzago.html (Rezzago, Como) - 76.2KB
✅ riparazione-pc-rodero.html (Rodero, Como) - 76.1KB
✅ riparazione-pc-rovellasca.html (Rovellasca, Como) - 76.3KB
✅ riparazione-pc-rovello-porro.html (Rovello Porro, Como) - 76.4KB
✅ riparazione-pc-sala-comacina.html (Sala Comacina, Como) - 76.4KB
✅ riparazione-pc-san-bartolomeo-val-cavargna.html (San Bartolomeo Val Cavargna, Como) - 77.0KB
✅ riparazione-pc-san-fermo-della-battaglia.html (San Fermo della Battaglia, Como) - 76.9KB
✅ riparazione-pc-san-nazzaro-val-cavargna.html (San Nazzaro Val Cavargna, Como) - 76.9KB
✅ riparazione-pc-schignano.html (Schignano, Como) - 76.2KB
✅ riparazione-pc-senna-comasco.html (Senna Comasco, Como) - 76.4KB
✅ riparazione-pc-sorico.html (Sorico, Como) - 76.1KB
✅ riparazione-pc-sormano.html (Sormano, Como) - 76.2KB
✅ riparazione-pc-stazzona.html (Stazzona, Como) - 76.2KB
✅ riparazione-pc-tavernerio.html (Tavernerio, Como) - 76.3KB
✅ riparazione-pc-torno.html (Torno, Como) - 76.1KB
✅ riparazione-pc-trezzone.html (Trezzone, Como) - 76.2KB
✅ riparazione-pc-turate.html (Turate, Como) - 76.1KB
✅ riparazione-pc-valbrona.html (Valbrona, Como) - 76.2KB
✅ riparazione-pc-valmorea.html (Valmorea, Como) - 76.2KB
✅ riparazione-pc-val-rezzo.html (Val Rezzo, Como) - 76.2KB
✅ riparazione-pc-valsolda.html (Valsolda, Como) - 76.2KB
✅ riparazione-pc-veleso.html (Veleso, Como) - 76.1KB
✅ riparazione-pc-veniano.html (Veniano, Como) - 76.2KB
✅ riparazione-pc-vercana.html (Vercana, Como) - 76.2KB
✅ riparazione-pc-vertemate-con-minoprio.html (Vertemate con Minoprio, Como) - 76.8KB
✅ riparazione-pc-villa-guardia.html (Villa Guardia, Como) - 76.4KB
✅ riparazione-pc-zelbio.html (Zelbio, Como) - 76.1KB
✅ riparazione-pc-san-siro.html (San Siro, Como) - 76.2KB
✅ riparazione-pc-gravedona-ed-uniti.html (Gravedona ed Uniti, Como) - 76.6KB
✅ riparazione-pc-bellagio.html (Bellagio, Como) - 76.2KB
✅ riparazione-pc-colverde.html (Colverde, Como) - 76.2KB
✅ riparazione-pc-tremezzina.html (Tremezzina, Como) - 76.3KB
✅ riparazione-pc-alta-valle-intelvi.html (Alta Valle Intelvi, Como) - 76.6KB
✅ riparazione-pc-centro-valle-intelvi.html (Centro Valle Intelvi, Como) - 76.7KB
✅ riparazione-pc-solbiate-con-cagno.html (Solbiate con Cagno, Como) - 76.6KB
✅ riparazione-pc-uggiate-con-ronago.html (Uggiate con Ronago, Como) - 76.6KB
✅ riparazione-pc-albaredo-per-san-marco.html (Albaredo per San Marco, Sondrio) - 76.8KB
✅ riparazione-pc-albosaggia.html (Albosaggia, Sondrio) - 76.3KB
✅ riparazione-pc-andalo-valtellino.html (Andalo Valtellino, Sondrio) - 76.6KB
✅ riparazione-pc-aprica.html (Aprica, Sondrio) - 76.1KB
✅ riparazione-pc-ardenno.html (Ardenno, Sondrio) - 76.2KB
✅ riparazione-pc-bema.html (Bema, Sondrio) - 76.0KB
✅ riparazione-pc-berbenno-di-valtellina.html (Berbenno di Valtellina, Sondrio) - 76.8KB
✅ riparazione-pc-bianzone.html (Bianzone, Sondrio) - 76.2KB
✅ riparazione-pc-bormio.html (Bormio, Sondrio) - 76.1KB
✅ riparazione-pc-buglio-in-monte.html (Buglio in Monte, Sondrio) - 76.5KB
✅ riparazione-pc-caiolo.html (Caiolo, Sondrio) - 76.1KB
✅ riparazione-pc-campodolcino.html (Campodolcino, Sondrio) - 76.4KB
✅ riparazione-pc-caspoggio.html (Caspoggio, Sondrio) - 76.2KB
✅ riparazione-pc-castello-dellacqua.html (Castello dell'Acqua, Sondrio) - 76.6KB
✅ riparazione-pc-castione-andevenno.html (Castione Andevenno, Sondrio) - 76.6KB
✅ riparazione-pc-cedrasco.html (Cedrasco, Sondrio) - 76.2KB
✅ riparazione-pc-cercino.html (Cercino, Sondrio) - 76.2KB
✅ riparazione-pc-chiavenna.html (Chiavenna, Sondrio) - 76.2KB
✅ riparazione-pc-chiesa-in-valmalenco.html (Chiesa in Valmalenco, Sondrio) - 76.7KB
✅ riparazione-pc-chiuro.html (Chiuro, Sondrio) - 76.1KB
✅ riparazione-pc-cino.html (Cino, Sondrio) - 76.0KB
✅ riparazione-pc-civo.html (Civo, Sondrio) - 76.0KB
✅ riparazione-pc-colorina.html (Colorina, Sondrio) - 76.2KB
✅ riparazione-pc-cosio-valtellino.html (Cosio Valtellino, Sondrio) - 76.5KB
✅ riparazione-pc-dazio.html (Dazio, Sondrio) - 76.1KB
✅ riparazione-pc-delebio.html (Delebio, Sondrio) - 76.2KB
✅ riparazione-pc-dubino.html (Dubino, Sondrio) - 76.1KB
✅ riparazione-pc-faedo-valtellino.html (Faedo Valtellino, Sondrio) - 76.5KB
✅ riparazione-pc-forcola.html (Forcola, Sondrio) - 76.2KB
✅ riparazione-pc-fusine.html (Fusine, Sondrio) - 76.1KB
✅ riparazione-pc-gerola-alta.html (Gerola Alta, Sondrio) - 76.3KB
✅ riparazione-pc-gordona.html (Gordona, Sondrio) - 76.2KB
✅ riparazione-pc-grosio.html (Grosio, Sondrio) - 76.1KB
✅ riparazione-pc-grosotto.html (Grosotto, Sondrio) - 76.2KB
✅ riparazione-pc-madesimo.html (Madesimo, Sondrio) - 76.2KB
✅ riparazione-pc-lanzada.html (Lanzada, Sondrio) - 76.2KB
✅ riparazione-pc-livigno.html (Livigno, Sondrio) - 76.2KB
✅ riparazione-pc-lovero.html (Lovero, Sondrio) - 76.1KB
✅ riparazione-pc-mantello.html (Mantello, Sondrio) - 76.2KB
✅ riparazione-pc-mazzo-di-valtellina.html (Mazzo di Valtellina, Sondrio) - 76.7KB
✅ riparazione-pc-mello.html (Mello, Sondrio) - 76.1KB
✅ riparazione-pc-mese.html (Mese, Sondrio) - 76.0KB
✅ riparazione-pc-montagna-in-valtellina.html (Montagna in Valtellina, Sondrio) - 76.8KB
✅ riparazione-pc-morbegno.html (Morbegno, Sondrio) - 76.2KB
✅ riparazione-pc-novate-mezzola.html (Novate Mezzola, Sondrio) - 76.4KB
✅ riparazione-pc-pedesina.html (Pedesina, Sondrio) - 76.2KB
✅ riparazione-pc-piantedo.html (Piantedo, Sondrio) - 76.2KB
✅ riparazione-pc-piateda.html (Piateda, Sondrio) - 76.2KB
✅ riparazione-pc-piuro.html (Piuro, Sondrio) - 76.1KB
✅ riparazione-pc-poggiridenti.html (Poggiridenti, Sondrio) - 76.4KB
✅ riparazione-pc-ponte-in-valtellina.html (Ponte in Valtellina, Sondrio) - 76.7KB
✅ riparazione-pc-postalesio.html (Postalesio, Sondrio) - 76.3KB
✅ riparazione-pc-prata-camportaccio.html (Prata Camportaccio, Sondrio) - 76.6KB
✅ riparazione-pc-rasura.html (Rasura, Sondrio) - 76.1KB
✅ riparazione-pc-rogolo.html (Rogolo, Sondrio) - 76.1KB
✅ riparazione-pc-samolaco.html (Samolaco, Sondrio) - 76.2KB
✅ riparazione-pc-san-giacomo-filippo.html (San Giacomo Filippo, Sondrio) - 76.7KB
✅ riparazione-pc-sernio.html (Sernio, Sondrio) - 76.1KB
✅ riparazione-pc-sondalo.html (Sondalo, Sondrio) - 76.2KB
✅ riparazione-pc-sondrio.html (Sondrio, Sondrio) - 76.2KB
✅ riparazione-pc-spriana.html (Spriana, Sondrio) - 76.2KB
✅ riparazione-pc-talamona.html (Talamona, Sondrio) - 76.2KB
✅ riparazione-pc-tartano.html (Tartano, Sondrio) - 76.2KB
✅ riparazione-pc-teglio.html (Teglio, Sondrio) - 76.1KB
✅ riparazione-pc-tirano.html (Tirano, Sondrio) - 76.1KB
✅ riparazione-pc-torre-di-santa-maria.html (Torre di Santa Maria, Sondrio) - 76.7KB
✅ riparazione-pc-tovo-di-santagata.html (Tovo di Sant'Agata, Sondrio) - 76.6KB
✅ riparazione-pc-traona.html (Traona, Sondrio) - 76.1KB
✅ riparazione-pc-tresivio.html (Tresivio, Sondrio) - 76.2KB
✅ riparazione-pc-valdidentro.html (Valdidentro, Sondrio) - 76.3KB
✅ riparazione-pc-valdisotto.html (Valdisotto, Sondrio) - 76.3KB
✅ riparazione-pc-valfurva.html (Valfurva, Sondrio) - 76.2KB
✅ riparazione-pc-val-masino.html (Val Masino, Sondrio) - 76.3KB
✅ riparazione-pc-verceia.html (Verceia, Sondrio) - 76.2KB
✅ riparazione-pc-vervio.html (Vervio, Sondrio) - 76.1KB
✅ riparazione-pc-villa-di-chiavenna.html (Villa di Chiavenna, Sondrio) - 76.6KB
✅ riparazione-pc-villa-di-tirano.html (Villa di Tirano, Sondrio) - 76.5KB
✅ riparazione-pc-abbiategrasso.html (Abbiategrasso, Milano) - 76.4KB
✅ riparazione-pc-albairate.html (Albairate, Milano) - 76.2KB
✅ riparazione-pc-arconate.html (Arconate, Milano) - 76.2KB
✅ riparazione-pc-arese.html (Arese, Milano) - 76.1KB
✅ riparazione-pc-arluno.html (Arluno, Milano) - 76.1KB
✅ riparazione-pc-assago.html (Assago, Milano) - 76.1KB
✅ riparazione-pc-bareggio.html (Bareggio, Milano) - 76.2KB
✅ riparazione-pc-basiano.html (Basiano, Milano) - 76.2KB
✅ riparazione-pc-basiglio.html (Basiglio, Milano) - 76.2KB
✅ riparazione-pc-bellinzago-lombardo.html (Bellinzago Lombardo, Milano) - 76.7KB
✅ riparazione-pc-bernate-ticino.html (Bernate Ticino, Milano) - 76.4KB
✅ riparazione-pc-besate.html (Besate, Milano) - 76.1KB
✅ riparazione-pc-binasco.html (Binasco, Milano) - 76.2KB
✅ riparazione-pc-boffalora-sopra-ticino.html (Boffalora sopra Ticino, Milano) - 76.8KB
✅ riparazione-pc-bollate.html (Bollate, Milano) - 76.2KB
✅ riparazione-pc-bresso.html (Bresso, Milano) - 76.1KB
✅ riparazione-pc-bubbiano.html (Bubbiano, Milano) - 76.2KB
✅ riparazione-pc-buccinasco.html (Buccinasco, Milano) - 76.3KB
✅ riparazione-pc-buscate.html (Buscate, Milano) - 76.2KB
✅ riparazione-pc-bussero.html (Bussero, Milano) - 76.2KB
✅ riparazione-pc-busto-garolfo.html (Busto Garolfo, Milano) - 76.4KB
✅ riparazione-pc-calvignasco.html (Calvignasco, Milano) - 76.3KB
✅ riparazione-pc-cambiago.html (Cambiago, Milano) - 76.2KB
✅ riparazione-pc-canegrate.html (Canegrate, Milano) - 76.2KB
✅ riparazione-pc-carpiano.html (Carpiano, Milano) - 76.2KB
✅ riparazione-pc-carugate.html (Carugate, Milano) - 76.2KB
✅ riparazione-pc-casarile.html (Casarile, Milano) - 76.2KB
✅ riparazione-pc-casorezzo.html (Casorezzo, Milano) - 76.2KB
✅ riparazione-pc-cassano-dadda.html (Cassano d'Adda, Milano) - 76.4KB
✅ riparazione-pc-cassina-de-pecchi.html (Cassina de' Pecchi, Milano) - 76.6KB
✅ riparazione-pc-cassinetta-di-lugagnano.html (Cassinetta di Lugagnano, Milano) - 76.8KB
✅ riparazione-pc-castano-primo.html (Castano Primo, Milano) - 76.4KB
✅ riparazione-pc-cernusco-sul-naviglio.html (Cernusco sul Naviglio, Milano) - 76.7KB
✅ riparazione-pc-cerro-al-lambro.html (Cerro al Lambro, Milano) - 76.5KB
✅ riparazione-pc-cerro-maggiore.html (Cerro Maggiore, Milano) - 76.4KB
✅ riparazione-pc-cesano-boscone.html (Cesano Boscone, Milano) - 76.4KB
✅ riparazione-pc-cesate.html (Cesate, Milano) - 76.1KB
✅ riparazione-pc-cinisello-balsamo.html (Cinisello Balsamo, Milano) - 76.6KB
✅ riparazione-pc-cisliano.html (Cisliano, Milano) - 76.2KB
✅ riparazione-pc-cologno-monzese.html (Cologno Monzese, Milano) - 76.5KB
✅ riparazione-pc-colturano.html (Colturano, Milano) - 76.2KB
✅ riparazione-pc-corbetta.html (Corbetta, Milano) - 76.2KB
✅ riparazione-pc-cormano.html (Cormano, Milano) - 76.2KB
✅ riparazione-pc-cornaredo.html (Cornaredo, Milano) - 76.2KB
✅ riparazione-pc-corsico.html (Corsico, Milano) - 76.2KB
✅ riparazione-pc-cuggiono.html (Cuggiono, Milano) - 76.2KB
✅ riparazione-pc-cusago.html (Cusago, Milano) - 76.1KB
✅ riparazione-pc-cusano-milanino.html (Cusano Milanino, Milano) - 76.5KB
✅ riparazione-pc-dairago.html (Dairago, Milano) - 76.2KB
✅ riparazione-pc-dresano.html (Dresano, Milano) - 76.2KB
✅ riparazione-pc-gaggiano.html (Gaggiano, Milano) - 76.2KB
✅ riparazione-pc-garbagnate-milanese.html (Garbagnate Milanese, Milano) - 76.7KB
✅ riparazione-pc-gessate.html (Gessate, Milano) - 76.2KB
✅ riparazione-pc-gorgonzola.html (Gorgonzola, Milano) - 76.3KB
✅ riparazione-pc-grezzago.html (Grezzago, Milano) - 76.2KB
✅ riparazione-pc-gudo-visconti.html (Gudo Visconti, Milano) - 76.4KB
✅ riparazione-pc-inveruno.html (Inveruno, Milano) - 76.2KB
✅ riparazione-pc-inzago.html (Inzago, Milano) - 76.1KB
✅ riparazione-pc-lacchiarella.html (Lacchiarella, Milano) - 76.4KB
✅ riparazione-pc-lainate.html (Lainate, Milano) - 76.2KB
✅ riparazione-pc-legnano.html (Legnano, Milano) - 76.2KB
✅ riparazione-pc-liscate.html (Liscate, Milano) - 76.2KB
✅ riparazione-pc-locate-di-triulzi.html (Locate di Triulzi, Milano) - 76.6KB
✅ riparazione-pc-magenta.html (Magenta, Milano) - 76.2KB
✅ riparazione-pc-magnago.html (Magnago, Milano) - 76.2KB
✅ riparazione-pc-marcallo-con-casone.html (Marcallo con Casone, Milano) - 76.7KB
✅ riparazione-pc-masate.html (Masate, Milano) - 76.1KB
✅ riparazione-pc-mediglia.html (Mediglia, Milano) - 76.2KB
✅ riparazione-pc-melegnano.html (Melegnano, Milano) - 76.2KB
✅ riparazione-pc-melzo.html (Melzo, Milano) - 76.1KB
✅ riparazione-pc-mesero.html (Mesero, Milano) - 76.1KB
✅ riparazione-pc-milano.html (Milano, Milano) - 76.1KB
✅ riparazione-pc-morimondo.html (Morimondo, Milano) - 76.2KB
✅ riparazione-pc-motta-visconti.html (Motta Visconti, Milano) - 76.4KB
✅ riparazione-pc-nerviano.html (Nerviano, Milano) - 76.2KB
✅ riparazione-pc-nosate.html (Nosate, Milano) - 76.1KB
✅ riparazione-pc-novate-milanese.html (Novate Milanese, Milano) - 76.5KB
✅ riparazione-pc-noviglio.html (Noviglio, Milano) - 76.2KB
✅ riparazione-pc-opera.html (Opera, Milano) - 76.1KB
✅ riparazione-pc-ossona.html (Ossona, Milano) - 76.1KB
✅ riparazione-pc-ozzero.html (Ozzero, Milano) - 76.1KB
✅ riparazione-pc-paderno-dugnano.html (Paderno Dugnano, Milano) - 76.5KB
✅ riparazione-pc-pantigliate.html (Pantigliate, Milano) - 76.3KB
✅ riparazione-pc-parabiago.html (Parabiago, Milano) - 76.2KB
✅ riparazione-pc-paullo.html (Paullo, Milano) - 76.1KB
✅ riparazione-pc-pero.html (Pero, Milano) - 76.0KB
✅ riparazione-pc-peschiera-borromeo.html (Peschiera Borromeo, Milano) - 76.6KB
✅ riparazione-pc-pessano-con-bornago.html (Pessano con Bornago, Milano) - 76.7KB
✅ riparazione-pc-pieve-emanuele.html (Pieve Emanuele, Milano) - 76.4KB
✅ riparazione-pc-pioltello.html (Pioltello, Milano) - 76.2KB
✅ riparazione-pc-pogliano-milanese.html (Pogliano Milanese, Milano) - 76.6KB
✅ riparazione-pc-pozzo-dadda.html (Pozzo d'Adda, Milano) - 76.4KB
✅ riparazione-pc-pozzuolo-martesana.html (Pozzuolo Martesana, Milano) - 76.6KB
✅ riparazione-pc-pregnana-milanese.html (Pregnana Milanese, Milano) - 76.6KB
✅ riparazione-pc-rescaldina.html (Rescaldina, Milano) - 76.3KB
✅ riparazione-pc-rho.html (Rho, Milano) - 76.0KB
✅ riparazione-pc-robecchetto-con-induno.html (Robecchetto con Induno, Milano) - 76.8KB
✅ riparazione-pc-robecco-sul-naviglio.html (Robecco sul Naviglio, Milano) - 76.7KB
✅ riparazione-pc-rodano.html (Rodano, Milano) - 76.1KB
✅ riparazione-pc-rosate.html (Rosate, Milano) - 76.1KB
✅ riparazione-pc-rozzano.html (Rozzano, Milano) - 76.2KB
✅ riparazione-pc-san-colombano-al-lambro.html (San Colombano al Lambro, Milano) - 76.8KB
✅ riparazione-pc-san-donato-milanese.html (San Donato Milanese, Milano) - 76.7KB
✅ riparazione-pc-san-giorgio-su-legnano.html (San Giorgio su Legnano, Milano) - 76.8KB
✅ riparazione-pc-san-giuliano-milanese.html (San Giuliano Milanese, Milano) - 76.7KB
✅ riparazione-pc-santo-stefano-ticino.html (Santo Stefano Ticino, Milano) - 76.7KB
✅ riparazione-pc-san-vittore-olona.html (San Vittore Olona, Milano) - 76.6KB
✅ riparazione-pc-san-zenone-al-lambro.html (San Zenone al Lambro, Milano) - 76.7KB
✅ riparazione-pc-sedriano.html (Sedriano, Milano) - 76.2KB
✅ riparazione-pc-segrate.html (Segrate, Milano) - 76.2KB
✅ riparazione-pc-senago.html (Senago, Milano) - 76.1KB
✅ riparazione-pc-sesto-san-giovanni.html (Sesto San Giovanni, Milano) - 76.6KB
✅ riparazione-pc-settala.html (Settala, Milano) - 76.2KB
✅ riparazione-pc-settimo-milanese.html (Settimo Milanese, Milano) - 76.5KB
✅ riparazione-pc-solaro.html (Solaro, Milano) - 76.1KB
✅ riparazione-pc-trezzano-rosa.html (Trezzano Rosa, Milano) - 76.4KB
✅ riparazione-pc-trezzano-sul-naviglio.html (Trezzano sul Naviglio, Milano) - 76.7KB
✅ riparazione-pc-trezzo-sulladda.html (Trezzo sull'Adda, Milano) - 76.5KB
✅ riparazione-pc-tribiano.html (Tribiano, Milano) - 76.2KB
✅ riparazione-pc-truccazzano.html (Truccazzano, Milano) - 76.3KB
✅ riparazione-pc-turbigo.html (Turbigo, Milano) - 76.2KB
✅ riparazione-pc-vanzago.html (Vanzago, Milano) - 76.2KB
✅ riparazione-pc-vaprio-dadda.html (Vaprio d'Adda, Milano) - 76.4KB
✅ riparazione-pc-vernate.html (Vernate, Milano) - 76.2KB
✅ riparazione-pc-vignate.html (Vignate, Milano) - 76.2KB
✅ riparazione-pc-vimodrone.html (Vimodrone, Milano) - 76.2KB
✅ riparazione-pc-vittuone.html (Vittuone, Milano) - 76.2KB
✅ riparazione-pc-vizzolo-predabissi.html (Vizzolo Predabissi, Milano) - 76.6KB
✅ riparazione-pc-zibido-san-giacomo.html (Zibido San Giacomo, Milano) - 76.6KB
✅ riparazione-pc-villa-cortese.html (Villa Cortese, Milano) - 76.4KB
✅ riparazione-pc-vanzaghello.html (Vanzaghello, Milano) - 76.3KB
✅ riparazione-pc-baranzate.html (Baranzate, Milano) - 76.2KB
✅ riparazione-pc-vermezzo-con-zelo.html (Vermezzo con Zelo, Milano) - 76.6KB
✅ riparazione-pc-adrara-san-martino.html (Adrara San Martino, Bergamo) - 76.6KB
✅ riparazione-pc-adrara-san-rocco.html (Adrara San Rocco, Bergamo) - 76.5KB
✅ riparazione-pc-albano-santalessandro.html (Albano Sant'Alessandro, Bergamo) - 76.8KB
✅ riparazione-pc-albino.html (Albino, Bergamo) - 76.1KB
✅ riparazione-pc-alme.html (Almè, Bergamo) - 76.0KB
✅ riparazione-pc-almenno-san-bartolomeo.html (Almenno San Bartolomeo, Bergamo) - 76.8KB
✅ riparazione-pc-almenno-san-salvatore.html (Almenno San Salvatore, Bergamo) - 76.7KB
✅ riparazione-pc-alzano-lombardo.html (Alzano Lombardo, Bergamo) - 76.5KB
✅ riparazione-pc-ambivere.html (Ambivere, Bergamo) - 76.2KB
✅ riparazione-pc-antegnate.html (Antegnate, Bergamo) - 76.2KB
✅ riparazione-pc-arcene.html (Arcene, Bergamo) - 76.1KB
✅ riparazione-pc-ardesio.html (Ardesio, Bergamo) - 76.2KB
✅ riparazione-pc-arzago-dadda.html (Arzago d'Adda, Bergamo) - 76.4KB
✅ riparazione-pc-averara.html (Averara, Bergamo) - 76.2KB
✅ riparazione-pc-aviatico.html (Aviatico, Bergamo) - 76.2KB
✅ riparazione-pc-azzano-san-paolo.html (Azzano San Paolo, Bergamo) - 76.5KB
✅ riparazione-pc-azzone.html (Azzone, Bergamo) - 76.1KB
✅ riparazione-pc-bagnatica.html (Bagnatica, Bergamo) - 76.2KB
✅ riparazione-pc-barbata.html (Barbata, Bergamo) - 76.2KB
✅ riparazione-pc-bariano.html (Bariano, Bergamo) - 76.2KB
✅ riparazione-pc-barzana.html (Barzana, Bergamo) - 76.2KB
✅ riparazione-pc-bedulita.html (Bedulita, Bergamo) - 76.2KB
✅ riparazione-pc-berbenno.html (Berbenno, Bergamo) - 76.2KB
✅ riparazione-pc-bergamo.html (Bergamo, Bergamo) - 76.2KB
✅ riparazione-pc-berzo-san-fermo.html (Berzo San Fermo, Bergamo) - 76.5KB
✅ riparazione-pc-bianzano.html (Bianzano, Bergamo) - 76.2KB
✅ riparazione-pc-blello.html (Blello, Bergamo) - 76.1KB
✅ riparazione-pc-bolgare.html (Bolgare, Bergamo) - 76.2KB
✅ riparazione-pc-boltiere.html (Boltiere, Bergamo) - 76.2KB
✅ riparazione-pc-bonate-sopra.html (Bonate Sopra, Bergamo) - 76.4KB
✅ riparazione-pc-bonate-sotto.html (Bonate Sotto, Bergamo) - 76.4KB
✅ riparazione-pc-borgo-di-terzo.html (Borgo di Terzo, Bergamo) - 76.4KB
✅ riparazione-pc-bossico.html (Bossico, Bergamo) - 76.2KB
✅ riparazione-pc-bottanuco.html (Bottanuco, Bergamo) - 76.2KB
✅ riparazione-pc-bracca.html (Bracca, Bergamo) - 76.1KB
✅ riparazione-pc-branzi.html (Branzi, Bergamo) - 76.1KB
✅ riparazione-pc-brembate.html (Brembate, Bergamo) - 76.2KB
✅ riparazione-pc-brembate-di-sopra.html (Brembate di Sopra, Bergamo) - 76.6KB
✅ riparazione-pc-brignano-gera-dadda.html (Brignano Gera d'Adda, Bergamo) - 76.7KB
✅ riparazione-pc-brumano.html (Brumano, Bergamo) - 76.2KB
✅ riparazione-pc-brusaporto.html (Brusaporto, Bergamo) - 76.3KB
✅ riparazione-pc-calcinate.html (Calcinate, Bergamo) - 76.2KB
✅ riparazione-pc-calcio.html (Calcio, Bergamo) - 76.1KB
✅ riparazione-pc-calusco-dadda.html (Calusco d'Adda, Bergamo) - 76.4KB
✅ riparazione-pc-calvenzano.html (Calvenzano, Bergamo) - 76.3KB
✅ riparazione-pc-camerata-cornello.html (Camerata Cornello, Bergamo) - 76.6KB
✅ riparazione-pc-canonica-dadda.html (Canonica d'Adda, Bergamo) - 76.5KB
✅ riparazione-pc-capizzone.html (Capizzone, Bergamo) - 76.2KB
✅ riparazione-pc-capriate-san-gervasio.html (Capriate San Gervasio, Bergamo) - 76.7KB
✅ riparazione-pc-caprino-bergamasco.html (Caprino Bergamasco, Bergamo) - 76.6KB
✅ riparazione-pc-caravaggio.html (Caravaggio, Bergamo) - 76.3KB
✅ riparazione-pc-carobbio-degli-angeli.html (Carobbio degli Angeli, Bergamo) - 76.7KB
✅ riparazione-pc-carona.html (Carona, Bergamo) - 76.1KB
✅ riparazione-pc-carvico.html (Carvico, Bergamo) - 76.2KB
✅ riparazione-pc-casazza.html (Casazza, Bergamo) - 76.2KB
✅ riparazione-pc-casirate-dadda.html (Casirate d'Adda, Bergamo) - 76.5KB
✅ riparazione-pc-casnigo.html (Casnigo, Bergamo) - 76.2KB
✅ riparazione-pc-cassiglio.html (Cassiglio, Bergamo) - 76.2KB
✅ riparazione-pc-castelli-calepio.html (Castelli Calepio, Bergamo) - 76.5KB
✅ riparazione-pc-castel-rozzone.html (Castel Rozzone, Bergamo) - 76.4KB
✅ riparazione-pc-castione-della-presolana.html (Castione della Presolana, Bergamo) - 76.9KB
✅ riparazione-pc-castro.html (Castro, Bergamo) - 76.1KB
✅ riparazione-pc-cavernago.html (Cavernago, Bergamo) - 76.2KB
✅ riparazione-pc-cazzano-santandrea.html (Cazzano Sant'Andrea, Bergamo) - 76.6KB
✅ riparazione-pc-cenate-sopra.html (Cenate Sopra, Bergamo) - 76.4KB
✅ riparazione-pc-cenate-sotto.html (Cenate Sotto, Bergamo) - 76.4KB
✅ riparazione-pc-cene.html (Cene, Bergamo) - 76.0KB
✅ riparazione-pc-cerete.html (Cerete, Bergamo) - 76.1KB
✅ riparazione-pc-chignolo-disola.html (Chignolo d'Isola, Bergamo) - 76.5KB
✅ riparazione-pc-chiuduno.html (Chiuduno, Bergamo) - 76.2KB
✅ riparazione-pc-cisano-bergamasco.html (Cisano Bergamasco, Bergamo) - 76.6KB
✅ riparazione-pc-ciserano.html (Ciserano, Bergamo) - 76.2KB
✅ riparazione-pc-cividate-al-piano.html (Cividate al Piano, Bergamo) - 76.6KB
✅ riparazione-pc-clusone.html (Clusone, Bergamo) - 76.2KB
✅ riparazione-pc-colere.html (Colere, Bergamo) - 76.1KB
✅ riparazione-pc-cologno-al-serio.html (Cologno al Serio, Bergamo) - 76.5KB
✅ riparazione-pc-colzate.html (Colzate, Bergamo) - 76.2KB
✅ riparazione-pc-comun-nuovo.html (Comun Nuovo, Bergamo) - 76.3KB
✅ riparazione-pc-corna-imagna.html (Corna Imagna, Bergamo) - 76.4KB
✅ riparazione-pc-cortenuova.html (Cortenuova, Bergamo) - 76.3KB
✅ riparazione-pc-costa-di-mezzate.html (Costa di Mezzate, Bergamo) - 76.5KB
✅ riparazione-pc-costa-valle-imagna.html (Costa Valle Imagna, Bergamo) - 76.6KB
✅ riparazione-pc-costa-volpino.html (Costa Volpino, Bergamo) - 76.4KB
✅ riparazione-pc-covo.html (Covo, Bergamo) - 76.0KB
✅ riparazione-pc-credaro.html (Credaro, Bergamo) - 76.2KB
✅ riparazione-pc-curno.html (Curno, Bergamo) - 76.1KB
✅ riparazione-pc-cusio.html (Cusio, Bergamo) - 76.1KB
✅ riparazione-pc-dalmine.html (Dalmine, Bergamo) - 76.2KB
✅ riparazione-pc-dossena.html (Dossena, Bergamo) - 76.2KB
✅ riparazione-pc-endine-gaiano.html (Endine Gaiano, Bergamo) - 76.4KB
✅ riparazione-pc-entratico.html (Entratico, Bergamo) - 76.2KB
✅ riparazione-pc-fara-gera-dadda.html (Fara Gera d'Adda, Bergamo) - 76.5KB
✅ riparazione-pc-fara-olivana-con-sola.html (Fara Olivana con Sola, Bergamo) - 76.7KB
✅ riparazione-pc-filago.html (Filago, Bergamo) - 76.1KB
✅ riparazione-pc-fino-del-monte.html (Fino del Monte, Bergamo) - 76.4KB
✅ riparazione-pc-fiorano-al-serio.html (Fiorano al Serio, Bergamo) - 76.5KB
✅ riparazione-pc-fontanella.html (Fontanella, Bergamo) - 76.3KB
✅ riparazione-pc-fonteno.html (Fonteno, Bergamo) - 76.2KB
✅ riparazione-pc-foppolo.html (Foppolo, Bergamo) - 76.2KB
✅ riparazione-pc-foresto-sparso.html (Foresto Sparso, Bergamo) - 76.4KB
✅ riparazione-pc-fornovo-san-giovanni.html (Fornovo San Giovanni, Bergamo) - 76.7KB
✅ riparazione-pc-fuipiano-valle-imagna.html (Fuipiano Valle Imagna, Bergamo) - 76.7KB
✅ riparazione-pc-gandellino.html (Gandellino, Bergamo) - 76.3KB
✅ riparazione-pc-gandino.html (Gandino, Bergamo) - 76.2KB
✅ riparazione-pc-gandosso.html (Gandosso, Bergamo) - 76.2KB
✅ riparazione-pc-gaverina-terme.html (Gaverina Terme, Bergamo) - 76.4KB
✅ riparazione-pc-gazzaniga.html (Gazzaniga, Bergamo) - 76.2KB
✅ riparazione-pc-ghisalba.html (Ghisalba, Bergamo) - 76.2KB
✅ riparazione-pc-gorlago.html (Gorlago, Bergamo) - 76.2KB
✅ riparazione-pc-gorle.html (Gorle, Bergamo) - 76.1KB
✅ riparazione-pc-gorno.html (Gorno, Bergamo) - 76.1KB
✅ riparazione-pc-grassobbio.html (Grassobbio, Bergamo) - 76.3KB
✅ riparazione-pc-gromo.html (Gromo, Bergamo) - 76.1KB
✅ riparazione-pc-grone.html (Grone, Bergamo) - 76.1KB
✅ riparazione-pc-grumello-del-monte.html (Grumello del Monte, Bergamo) - 76.6KB
✅ riparazione-pc-isola-di-fondra.html (Isola di Fondra, Bergamo) - 76.5KB
✅ riparazione-pc-isso.html (Isso, Bergamo) - 76.0KB
✅ riparazione-pc-lallio.html (Lallio, Bergamo) - 76.1KB
✅ riparazione-pc-leffe.html (Leffe, Bergamo) - 76.1KB
✅ riparazione-pc-lenna.html (Lenna, Bergamo) - 76.1KB
✅ riparazione-pc-levate.html (Levate, Bergamo) - 76.1KB
✅ riparazione-pc-locatello.html (Locatello, Bergamo) - 76.2KB
✅ riparazione-pc-lovere.html (Lovere, Bergamo) - 76.1KB
✅ riparazione-pc-lurano.html (Lurano, Bergamo) - 76.1KB
✅ riparazione-pc-luzzana.html (Luzzana, Bergamo) - 76.2KB
✅ riparazione-pc-madone.html (Madone, Bergamo) - 76.1KB
✅ riparazione-pc-mapello.html (Mapello, Bergamo) - 76.2KB
✅ riparazione-pc-martinengo.html (Martinengo, Bergamo) - 76.3KB
✅ riparazione-pc-mezzoldo.html (Mezzoldo, Bergamo) - 76.2KB
✅ riparazione-pc-misano-di-gera-dadda.html (Misano di Gera d'Adda, Bergamo) - 76.7KB
✅ riparazione-pc-moio-de-calvi.html (Moio de' Calvi, Bergamo) - 76.4KB
✅ riparazione-pc-monasterolo-del-castello.html (Monasterolo del Castello, Bergamo) - 76.9KB
✅ riparazione-pc-montello.html (Montello, Bergamo) - 76.2KB
✅ riparazione-pc-morengo.html (Morengo, Bergamo) - 76.2KB
✅ riparazione-pc-mornico-al-serio.html (Mornico al Serio, Bergamo) - 76.5KB
✅ riparazione-pc-mozzanica.html (Mozzanica, Bergamo) - 76.2KB
✅ riparazione-pc-mozzo.html (Mozzo, Bergamo) - 76.1KB
✅ riparazione-pc-nembro.html (Nembro, Bergamo) - 76.1KB
✅ riparazione-pc-olmo-al-brembo.html (Olmo al Brembo, Bergamo) - 76.4KB
✅ riparazione-pc-oltre-il-colle.html (Oltre il Colle, Bergamo) - 76.4KB
✅ riparazione-pc-oltressenda-alta.html (Oltressenda Alta, Bergamo) - 76.5KB
✅ riparazione-pc-oneta.html (Oneta, Bergamo) - 76.1KB
✅ riparazione-pc-onore.html (Onore, Bergamo) - 76.1KB
✅ riparazione-pc-orio-al-serio.html (Orio al Serio, Bergamo) - 76.4KB
✅ riparazione-pc-ornica.html (Ornica, Bergamo) - 76.1KB
✅ riparazione-pc-osio-sopra.html (Osio Sopra, Bergamo) - 76.3KB
✅ riparazione-pc-osio-sotto.html (Osio Sotto, Bergamo) - 76.3KB
✅ riparazione-pc-pagazzano.html (Pagazzano, Bergamo) - 76.2KB
✅ riparazione-pc-paladina.html (Paladina, Bergamo) - 76.2KB
✅ riparazione-pc-palazzago.html (Palazzago, Bergamo) - 76.2KB
✅ riparazione-pc-palosco.html (Palosco, Bergamo) - 76.2KB
✅ riparazione-pc-parre.html (Parre, Bergamo) - 76.1KB
✅ riparazione-pc-parzanica.html (Parzanica, Bergamo) - 76.2KB
✅ riparazione-pc-pedrengo.html (Pedrengo, Bergamo) - 76.2KB
✅ riparazione-pc-peia.html (Peia, Bergamo) - 76.0KB
✅ riparazione-pc-pianico.html (Pianico, Bergamo) - 76.2KB
✅ riparazione-pc-piario.html (Piario, Bergamo) - 76.1KB
✅ riparazione-pc-piazza-brembana.html (Piazza Brembana, Bergamo) - 76.5KB
✅ riparazione-pc-piazzatorre.html (Piazzatorre, Bergamo) - 76.3KB
✅ riparazione-pc-piazzolo.html (Piazzolo, Bergamo) - 76.2KB
✅ riparazione-pc-pognano.html (Pognano, Bergamo) - 76.2KB
✅ riparazione-pc-ponte-nossa.html (Ponte Nossa, Bergamo) - 76.3KB
✅ riparazione-pc-ponteranica.html (Ponteranica, Bergamo) - 76.3KB
✅ riparazione-pc-ponte-san-pietro.html (Ponte San Pietro, Bergamo) - 76.5KB
✅ riparazione-pc-pontida.html (Pontida, Bergamo) - 76.2KB
✅ riparazione-pc-pontirolo-nuovo.html (Pontirolo Nuovo, Bergamo) - 76.5KB
✅ riparazione-pc-pradalunga.html (Pradalunga, Bergamo) - 76.3KB
✅ riparazione-pc-predore.html (Predore, Bergamo) - 76.2KB
✅ riparazione-pc-premolo.html (Premolo, Bergamo) - 76.2KB
✅ riparazione-pc-presezzo.html (Presezzo, Bergamo) - 76.2KB
✅ riparazione-pc-pumenengo.html (Pumenengo, Bergamo) - 76.2KB
✅ riparazione-pc-ranica.html (Ranica, Bergamo) - 76.1KB
✅ riparazione-pc-ranzanico.html (Ranzanico, Bergamo) - 76.2KB
✅ riparazione-pc-riva-di-solto.html (Riva di Solto, Bergamo) - 76.4KB
✅ riparazione-pc-rogno.html (Rogno, Bergamo) - 76.1KB
✅ riparazione-pc-romano-di-lombardia.html (Romano di Lombardia, Bergamo) - 76.7KB
✅ riparazione-pc-roncobello.html (Roncobello, Bergamo) - 76.3KB
✅ riparazione-pc-roncola.html (Roncola, Bergamo) - 76.2KB
✅ riparazione-pc-rota-dimagna.html (Rota d'Imagna, Bergamo) - 76.4KB
✅ riparazione-pc-rovetta.html (Rovetta, Bergamo) - 76.2KB
✅ riparazione-pc-san-giovanni-bianco.html (San Giovanni Bianco, Bergamo) - 76.7KB
✅ riparazione-pc-san-paolo-dargon.html (San Paolo d'Argon, Bergamo) - 76.6KB
✅ riparazione-pc-san-pellegrino-terme.html (San Pellegrino Terme, Bergamo) - 76.7KB
✅ riparazione-pc-santa-brigida.html (Santa Brigida, Bergamo) - 76.4KB
✅ riparazione-pc-sarnico.html (Sarnico, Bergamo) - 76.2KB
✅ riparazione-pc-scanzorosciate.html (Scanzorosciate, Bergamo) - 76.4KB
✅ riparazione-pc-schilpario.html (Schilpario, Bergamo) - 76.3KB
✅ riparazione-pc-sedrina.html (Sedrina, Bergamo) - 76.2KB
✅ riparazione-pc-selvino.html (Selvino, Bergamo) - 76.2KB
✅ riparazione-pc-seriate.html (Seriate, Bergamo) - 76.2KB
✅ riparazione-pc-serina.html (Serina, Bergamo) - 76.1KB
✅ riparazione-pc-solto-collina.html (Solto Collina, Bergamo) - 76.4KB
✅ riparazione-pc-songavazzo.html (Songavazzo, Bergamo) - 76.3KB
✅ riparazione-pc-sorisole.html (Sorisole, Bergamo) - 76.2KB
✅ riparazione-pc-sotto-il-monte-giovanni-xxiii.html (Sotto il Monte Giovanni XXIII, Bergamo) - 77.1KB
✅ riparazione-pc-sovere.html (Sovere, Bergamo) - 76.1KB
✅ riparazione-pc-spinone-al-lago.html (Spinone al Lago, Bergamo) - 76.5KB
✅ riparazione-pc-spirano.html (Spirano, Bergamo) - 76.2KB
✅ riparazione-pc-stezzano.html (Stezzano, Bergamo) - 76.2KB
✅ riparazione-pc-strozza.html (Strozza, Bergamo) - 76.2KB
✅ riparazione-pc-suisio.html (Suisio, Bergamo) - 76.1KB
✅ riparazione-pc-taleggio.html (Taleggio, Bergamo) - 76.2KB
✅ riparazione-pc-tavernola-bergamasca.html (Tavernola Bergamasca, Bergamo) - 76.7KB
✅ riparazione-pc-telgate.html (Telgate, Bergamo) - 76.2KB
✅ riparazione-pc-terno-disola.html (Terno d'Isola, Bergamo) - 76.4KB
✅ riparazione-pc-torre-boldone.html (Torre Boldone, Bergamo) - 76.4KB
✅ riparazione-pc-torre-de-busi.html (Torre de' Busi, Bergamo) - 76.4KB
✅ riparazione-pc-torre-de-roveri.html (Torre de' Roveri, Bergamo) - 76.5KB
✅ riparazione-pc-torre-pallavicina.html (Torre Pallavicina, Bergamo) - 76.6KB
✅ riparazione-pc-trescore-balneario.html (Trescore Balneario, Bergamo) - 76.6KB
✅ riparazione-pc-treviglio.html (Treviglio, Bergamo) - 76.2KB
✅ riparazione-pc-treviolo.html (Treviolo, Bergamo) - 76.2KB
✅ riparazione-pc-ubiale-clanezzo.html (Ubiale Clanezzo, Bergamo) - 76.5KB
✅ riparazione-pc-urgnano.html (Urgnano, Bergamo) - 76.2KB
✅ riparazione-pc-valbondione.html (Valbondione, Bergamo) - 76.3KB
✅ riparazione-pc-valbrembo.html (Valbrembo, Bergamo) - 76.2KB
✅ riparazione-pc-valgoglio.html (Valgoglio, Bergamo) - 76.2KB
✅ riparazione-pc-valleve.html (Valleve, Bergamo) - 76.2KB
✅ riparazione-pc-valnegra.html (Valnegra, Bergamo) - 76.2KB
✅ riparazione-pc-valtorta.html (Valtorta, Bergamo) - 76.2KB
✅ riparazione-pc-vedeseta.html (Vedeseta, Bergamo) - 76.2KB
✅ riparazione-pc-verdellino.html (Verdellino, Bergamo) - 76.3KB
✅ riparazione-pc-verdello.html (Verdello, Bergamo) - 76.2KB
✅ riparazione-pc-vertova.html (Vertova, Bergamo) - 76.2KB
✅ riparazione-pc-viadanica.html (Viadanica, Bergamo) - 76.2KB
✅ riparazione-pc-vigano-san-martino.html (Vigano San Martino, Bergamo) - 76.6KB
✅ riparazione-pc-vigolo.html (Vigolo, Bergamo) - 76.1KB
✅ riparazione-pc-villa-dadda.html (Villa d'Adda, Bergamo) - 76.4KB
✅ riparazione-pc-villa-dalme.html (Villa d'Almè, Bergamo) - 76.4KB
✅ riparazione-pc-villa-di-serio.html (Villa di Serio, Bergamo) - 76.4KB
✅ riparazione-pc-villa-dogna.html (Villa d'Ogna, Bergamo) - 76.4KB
✅ riparazione-pc-villongo.html (Villongo, Bergamo) - 76.2KB
✅ riparazione-pc-vilminore-di-scalve.html (Vilminore di Scalve, Bergamo) - 76.7KB
✅ riparazione-pc-zandobbio.html (Zandobbio, Bergamo) - 76.2KB
✅ riparazione-pc-zanica.html (Zanica, Bergamo) - 76.1KB
✅ riparazione-pc-zogno.html (Zogno, Bergamo) - 76.1KB
✅ riparazione-pc-costa-serina.html (Costa Serina, Bergamo) - 76.4KB
✅ riparazione-pc-algua.html (Algua, Bergamo) - 76.1KB
✅ riparazione-pc-cornalba.html (Cornalba, Bergamo) - 76.2KB
✅ riparazione-pc-medolago.html (Medolago, Bergamo) - 76.2KB
✅ riparazione-pc-solza.html (Solza, Bergamo) - 76.1KB
✅ riparazione-pc-santomobono-terme.html (Sant'Omobono Terme, Bergamo) - 76.6KB
✅ riparazione-pc-val-brembilla.html (Val Brembilla, Bergamo) - 76.4KB
✅ riparazione-pc-acquafredda.html (Acquafredda, Brescia) - 76.3KB
✅ riparazione-pc-adro.html (Adro, Brescia) - 76.0KB
✅ riparazione-pc-agnosine.html (Agnosine, Brescia) - 76.2KB
✅ riparazione-pc-alfianello.html (Alfianello, Brescia) - 76.3KB
✅ riparazione-pc-anfo.html (Anfo, Brescia) - 76.0KB
✅ riparazione-pc-angolo-terme.html (Angolo Terme, Brescia) - 76.4KB
✅ riparazione-pc-artogne.html (Artogne, Brescia) - 76.2KB
✅ riparazione-pc-azzano-mella.html (Azzano Mella, Brescia) - 76.4KB
✅ riparazione-pc-bagnolo-mella.html (Bagnolo Mella, Brescia) - 76.4KB
✅ riparazione-pc-bagolino.html (Bagolino, Brescia) - 76.2KB
✅ riparazione-pc-barbariga.html (Barbariga, Brescia) - 76.2KB
✅ riparazione-pc-barghe.html (Barghe, Brescia) - 76.1KB
✅ riparazione-pc-bassano-bresciano.html (Bassano Bresciano, Brescia) - 76.6KB
✅ riparazione-pc-bedizzole.html (Bedizzole, Brescia) - 76.2KB
✅ riparazione-pc-berlingo.html (Berlingo, Brescia) - 76.2KB
✅ riparazione-pc-berzo-demo.html (Berzo Demo, Brescia) - 76.3KB
✅ riparazione-pc-berzo-inferiore.html (Berzo Inferiore, Brescia) - 76.5KB
✅ riparazione-pc-bienno.html (Bienno, Brescia) - 76.1KB
✅ riparazione-pc-bione.html (Bione, Brescia) - 76.1KB
✅ riparazione-pc-borgo-san-giacomo.html (Borgo San Giacomo, Brescia) - 76.6KB
✅ riparazione-pc-borgosatollo.html (Borgosatollo, Brescia) - 76.4KB
✅ riparazione-pc-borno.html (Borno, Brescia) - 76.1KB
✅ riparazione-pc-botticino.html (Botticino, Brescia) - 76.2KB
✅ riparazione-pc-bovegno.html (Bovegno, Brescia) - 76.2KB
✅ riparazione-pc-bovezzo.html (Bovezzo, Brescia) - 76.2KB
✅ riparazione-pc-brandico.html (Brandico, Brescia) - 76.2KB
✅ riparazione-pc-braone.html (Braone, Brescia) - 76.1KB
✅ riparazione-pc-breno.html (Breno, Brescia) - 76.1KB
✅ riparazione-pc-brescia.html (Brescia, Brescia) - 76.2KB
✅ riparazione-pc-brione.html (Brione, Brescia) - 76.1KB
✅ riparazione-pc-caino.html (Caino, Brescia) - 76.1KB
✅ riparazione-pc-calcinato.html (Calcinato, Brescia) - 76.2KB
✅ riparazione-pc-calvagese-della-riviera.html (Calvagese della Riviera, Brescia) - 76.8KB
✅ riparazione-pc-calvisano.html (Calvisano, Brescia) - 76.2KB
✅ riparazione-pc-capo-di-ponte.html (Capo di Ponte, Brescia) - 76.4KB
✅ riparazione-pc-capovalle.html (Capovalle, Brescia) - 76.2KB
✅ riparazione-pc-capriano-del-colle.html (Capriano del Colle, Brescia) - 76.6KB
✅ riparazione-pc-capriolo.html (Capriolo, Brescia) - 76.2KB
✅ riparazione-pc-carpenedolo.html (Carpenedolo, Brescia) - 76.3KB
✅ riparazione-pc-castegnato.html (Castegnato, Brescia) - 76.3KB
✅ riparazione-pc-castelcovati.html (Castelcovati, Brescia) - 76.4KB
✅ riparazione-pc-castel-mella.html (Castel Mella, Brescia) - 76.4KB
✅ riparazione-pc-castenedolo.html (Castenedolo, Brescia) - 76.3KB
✅ riparazione-pc-casto.html (Casto, Brescia) - 76.1KB
✅ riparazione-pc-castrezzato.html (Castrezzato, Brescia) - 76.3KB
✅ riparazione-pc-cazzago-san-martino.html (Cazzago San Martino, Brescia) - 76.7KB
✅ riparazione-pc-cedegolo.html (Cedegolo, Brescia) - 76.2KB
✅ riparazione-pc-cellatica.html (Cellatica, Brescia) - 76.2KB
✅ riparazione-pc-cerveno.html (Cerveno, Brescia) - 76.2KB
✅ riparazione-pc-ceto.html (Ceto, Brescia) - 76.0KB
✅ riparazione-pc-cevo.html (Cevo, Brescia) - 76.0KB
✅ riparazione-pc-chiari.html (Chiari, Brescia) - 76.1KB
✅ riparazione-pc-cigole.html (Cigole, Brescia) - 76.1KB
✅ riparazione-pc-cimbergo.html (Cimbergo, Brescia) - 76.2KB
✅ riparazione-pc-cividate-camuno.html (Cividate Camuno, Brescia) - 76.5KB
✅ riparazione-pc-coccaglio.html (Coccaglio, Brescia) - 76.2KB
✅ riparazione-pc-collebeato.html (Collebeato, Brescia) - 76.3KB
✅ riparazione-pc-collio.html (Collio, Brescia) - 76.1KB
✅ riparazione-pc-cologne.html (Cologne, Brescia) - 76.2KB
✅ riparazione-pc-comezzano-cizzago.html (Comezzano-Cizzago, Brescia) - 76.6KB
✅ riparazione-pc-concesio.html (Concesio, Brescia) - 76.2KB
✅ riparazione-pc-corte-franca.html (Corte Franca, Brescia) - 76.4KB
✅ riparazione-pc-corteno-golgi.html (Corteno Golgi, Brescia) - 76.4KB
✅ riparazione-pc-corzano.html (Corzano, Brescia) - 76.2KB
✅ riparazione-pc-darfo-boario-terme.html (Darfo Boario Terme, Brescia) - 76.6KB
✅ riparazione-pc-dello.html (Dello, Brescia) - 76.1KB
✅ riparazione-pc-desenzano-del-garda.html (Desenzano del Garda, Brescia) - 76.7KB
✅ riparazione-pc-edolo.html (Edolo, Brescia) - 76.1KB
✅ riparazione-pc-erbusco.html (Erbusco, Brescia) - 76.2KB
✅ riparazione-pc-esine.html (Esine, Brescia) - 76.1KB
✅ riparazione-pc-fiesse.html (Fiesse, Brescia) - 76.1KB
✅ riparazione-pc-flero.html (Flero, Brescia) - 76.1KB
✅ riparazione-pc-gambara.html (Gambara, Brescia) - 76.2KB
✅ riparazione-pc-gardone-riviera.html (Gardone Riviera, Brescia) - 76.5KB
✅ riparazione-pc-gardone-val-trompia.html (Gardone Val Trompia, Brescia) - 76.7KB
✅ riparazione-pc-gargnano.html (Gargnano, Brescia) - 76.2KB
✅ riparazione-pc-gavardo.html (Gavardo, Brescia) - 76.2KB
✅ riparazione-pc-ghedi.html (Ghedi, Brescia) - 76.1KB
✅ riparazione-pc-gianico.html (Gianico, Brescia) - 76.2KB
✅ riparazione-pc-gottolengo.html (Gottolengo, Brescia) - 76.3KB
✅ riparazione-pc-gussago.html (Gussago, Brescia) - 76.2KB
✅ riparazione-pc-idro.html (Idro, Brescia) - 76.0KB
✅ riparazione-pc-incudine.html (Incudine, Brescia) - 76.2KB
✅ riparazione-pc-irma.html (Irma, Brescia) - 76.0KB
✅ riparazione-pc-iseo.html (Iseo, Brescia) - 76.0KB
✅ riparazione-pc-isorella.html (Isorella, Brescia) - 76.2KB
✅ riparazione-pc-lavenone.html (Lavenone, Brescia) - 76.2KB
✅ riparazione-pc-leno.html (Leno, Brescia) - 76.0KB
✅ riparazione-pc-limone-sul-garda.html (Limone sul Garda, Brescia) - 76.5KB
✅ riparazione-pc-lodrino.html (Lodrino, Brescia) - 76.2KB
✅ riparazione-pc-lograto.html (Lograto, Brescia) - 76.2KB
✅ riparazione-pc-lonato-del-garda.html (Lonato del Garda, Brescia) - 76.5KB
✅ riparazione-pc-longhena.html (Longhena, Brescia) - 76.2KB
✅ riparazione-pc-losine.html (Losine, Brescia) - 76.1KB
✅ riparazione-pc-lozio.html (Lozio, Brescia) - 76.1KB
✅ riparazione-pc-lumezzane.html (Lumezzane, Brescia) - 76.2KB
✅ riparazione-pc-maclodio.html (Maclodio, Brescia) - 76.2KB
✅ riparazione-pc-magasa.html (Magasa, Brescia) - 76.1KB
✅ riparazione-pc-mairano.html (Mairano, Brescia) - 76.2KB
✅ riparazione-pc-malegno.html (Malegno, Brescia) - 76.2KB
✅ riparazione-pc-malonno.html (Malonno, Brescia) - 76.2KB
✅ riparazione-pc-manerba-del-garda.html (Manerba del Garda, Brescia) - 76.6KB
✅ riparazione-pc-manerbio.html (Manerbio, Brescia) - 76.2KB
✅ riparazione-pc-marcheno.html (Marcheno, Brescia) - 76.2KB
✅ riparazione-pc-marmentino.html (Marmentino, Brescia) - 76.3KB
✅ riparazione-pc-marone.html (Marone, Brescia) - 76.1KB
✅ riparazione-pc-mazzano.html (Mazzano, Brescia) - 76.2KB
✅ riparazione-pc-milzano.html (Milzano, Brescia) - 76.2KB
✅ riparazione-pc-moniga-del-garda.html (Moniga del Garda, Brescia) - 76.5KB
✅ riparazione-pc-monno.html (Monno, Brescia) - 76.1KB
✅ riparazione-pc-monte-isola.html (Monte Isola, Brescia) - 76.3KB
✅ riparazione-pc-monticelli-brusati.html (Monticelli Brusati, Brescia) - 76.6KB
✅ riparazione-pc-montichiari.html (Montichiari, Brescia) - 76.3KB
✅ riparazione-pc-montirone.html (Montirone, Brescia) - 76.2KB
✅ riparazione-pc-mura.html (Mura, Brescia) - 76.0KB
✅ riparazione-pc-muscoline.html (Muscoline, Brescia) - 76.2KB
✅ riparazione-pc-nave.html (Nave, Brescia) - 76.0KB
✅ riparazione-pc-niardo.html (Niardo, Brescia) - 76.1KB
✅ riparazione-pc-nuvolento.html (Nuvolento, Brescia) - 76.2KB
✅ riparazione-pc-nuvolera.html (Nuvolera, Brescia) - 76.2KB
✅ riparazione-pc-odolo.html (Odolo, Brescia) - 76.1KB
✅ riparazione-pc-offlaga.html (Offlaga, Brescia) - 76.2KB
✅ riparazione-pc-ome.html (Ome, Brescia) - 76.0KB
✅ riparazione-pc-ono-san-pietro.html (Ono San Pietro, Brescia) - 76.4KB
✅ riparazione-pc-orzinuovi.html (Orzinuovi, Brescia) - 76.2KB
✅ riparazione-pc-orzivecchi.html (Orzivecchi, Brescia) - 76.3KB
✅ riparazione-pc-ospitaletto.html (Ospitaletto, Brescia) - 76.3KB
✅ riparazione-pc-ossimo.html (Ossimo, Brescia) - 76.1KB
✅ riparazione-pc-padenghe-sul-garda.html (Padenghe sul Garda, Brescia) - 76.6KB
✅ riparazione-pc-paderno-franciacorta.html (Paderno Franciacorta, Brescia) - 76.7KB
✅ riparazione-pc-paisco-loveno.html (Paisco Loveno, Brescia) - 76.4KB
✅ riparazione-pc-paitone.html (Paitone, Brescia) - 76.2KB
✅ riparazione-pc-palazzolo-sulloglio.html (Palazzolo sull'Oglio, Brescia) - 76.7KB
✅ riparazione-pc-paratico.html (Paratico, Brescia) - 76.2KB
✅ riparazione-pc-paspardo.html (Paspardo, Brescia) - 76.2KB
✅ riparazione-pc-passirano.html (Passirano, Brescia) - 76.2KB
✅ riparazione-pc-pavone-del-mella.html (Pavone del Mella, Brescia) - 76.5KB
✅ riparazione-pc-san-paolo.html (San Paolo, Brescia) - 76.2KB
✅ riparazione-pc-pertica-alta.html (Pertica Alta, Brescia) - 76.4KB
✅ riparazione-pc-pertica-bassa.html (Pertica Bassa, Brescia) - 76.4KB
✅ riparazione-pc-pezzaze.html (Pezzaze, Brescia) - 76.2KB
✅ riparazione-pc-pian-camuno.html (Pian Camuno, Brescia) - 76.3KB
✅ riparazione-pc-pisogne.html (Pisogne, Brescia) - 76.2KB
✅ riparazione-pc-polaveno.html (Polaveno, Brescia) - 76.2KB
✅ riparazione-pc-polpenazze-del-garda.html (Polpenazze del Garda, Brescia) - 76.7KB
✅ riparazione-pc-pompiano.html (Pompiano, Brescia) - 76.2KB
✅ riparazione-pc-poncarale.html (Poncarale, Brescia) - 76.2KB
✅ riparazione-pc-ponte-di-legno.html (Ponte di Legno, Brescia) - 76.4KB
✅ riparazione-pc-pontevico.html (Pontevico, Brescia) - 76.2KB
✅ riparazione-pc-pontoglio.html (Pontoglio, Brescia) - 76.2KB
✅ riparazione-pc-pozzolengo.html (Pozzolengo, Brescia) - 76.3KB
✅ riparazione-pc-pralboino.html (Pralboino, Brescia) - 76.2KB
✅ riparazione-pc-preseglie.html (Preseglie, Brescia) - 76.2KB
✅ riparazione-pc-prevalle.html (Prevalle, Brescia) - 76.2KB
✅ riparazione-pc-provaglio-diseo.html (Provaglio d'Iseo, Brescia) - 76.5KB
✅ riparazione-pc-provaglio-val-sabbia.html (Provaglio Val Sabbia, Brescia) - 76.7KB
✅ riparazione-pc-puegnago-del-garda.html (Puegnago del Garda, Brescia) - 76.6KB
✅ riparazione-pc-quinzano-doglio.html (Quinzano d'Oglio, Brescia) - 76.5KB
✅ riparazione-pc-remedello.html (Remedello, Brescia) - 76.2KB
✅ riparazione-pc-rezzato.html (Rezzato, Brescia) - 76.2KB
✅ riparazione-pc-roccafranca.html (Roccafranca, Brescia) - 76.3KB
✅ riparazione-pc-rodengo-saiano.html (Rodengo Saiano, Brescia) - 76.4KB
✅ riparazione-pc-roe-volciano.html (Roè Volciano, Brescia) - 76.4KB
✅ riparazione-pc-roncadelle.html (Roncadelle, Brescia) - 76.3KB
✅ riparazione-pc-rovato.html (Rovato, Brescia) - 76.1KB
✅ riparazione-pc-rudiano.html (Rudiano, Brescia) - 76.2KB
✅ riparazione-pc-sabbio-chiese.html (Sabbio Chiese, Brescia) - 76.4KB
✅ riparazione-pc-sale-marasino.html (Sale Marasino, Brescia) - 76.4KB
✅ riparazione-pc-salo.html (Salò, Brescia) - 76.0KB
✅ riparazione-pc-san-felice-del-benaco.html (San Felice del Benaco, Brescia) - 76.7KB
✅ riparazione-pc-san-gervasio-bresciano.html (San Gervasio Bresciano, Brescia) - 76.8KB
✅ riparazione-pc-san-zeno-naviglio.html (San Zeno Naviglio, Brescia) - 76.6KB
✅ riparazione-pc-sarezzo.html (Sarezzo, Brescia) - 76.2KB
✅ riparazione-pc-saviore-delladamello.html (Saviore dell'Adamello, Brescia) - 76.7KB
✅ riparazione-pc-sellero.html (Sellero, Brescia) - 76.2KB
✅ riparazione-pc-seniga.html (Seniga, Brescia) - 76.1KB
✅ riparazione-pc-serle.html (Serle, Brescia) - 76.1KB
✅ riparazione-pc-sirmione.html (Sirmione, Brescia) - 76.2KB
✅ riparazione-pc-soiano-del-lago.html (Soiano del Lago, Brescia) - 76.5KB
✅ riparazione-pc-sonico.html (Sonico, Brescia) - 76.1KB
✅ riparazione-pc-sulzano.html (Sulzano, Brescia) - 76.2KB
✅ riparazione-pc-tavernole-sul-mella.html (Tavernole sul Mella, Brescia) - 76.7KB
✅ riparazione-pc-temu.html (Temù, Brescia) - 76.0KB
✅ riparazione-pc-tignale.html (Tignale, Brescia) - 76.2KB
✅ riparazione-pc-torbole-casaglia.html (Torbole Casaglia, Brescia) - 76.5KB
✅ riparazione-pc-toscolano-maderno.html (Toscolano-Maderno, Brescia) - 76.6KB
✅ riparazione-pc-travagliato.html (Travagliato, Brescia) - 76.3KB
✅ riparazione-pc-tremosine-sul-garda.html (Tremosine sul Garda, Brescia) - 76.7KB
✅ riparazione-pc-trenzano.html (Trenzano, Brescia) - 76.2KB
✅ riparazione-pc-treviso-bresciano.html (Treviso Bresciano, Brescia) - 76.6KB
✅ riparazione-pc-urago-doglio.html (Urago d'Oglio, Brescia) - 76.4KB
✅ riparazione-pc-vallio-terme.html (Vallio Terme, Brescia) - 76.4KB
✅ riparazione-pc-valvestino.html (Valvestino, Brescia) - 76.3KB
✅ riparazione-pc-verolanuova.html (Verolanuova, Brescia) - 76.3KB
✅ riparazione-pc-verolavecchia.html (Verolavecchia, Brescia) - 76.4KB
✅ riparazione-pc-vestone.html (Vestone, Brescia) - 76.2KB
✅ riparazione-pc-vezza-doglio.html (Vezza d'Oglio, Brescia) - 76.4KB
✅ riparazione-pc-villa-carcina.html (Villa Carcina, Brescia) - 76.4KB
✅ riparazione-pc-villachiara.html (Villachiara, Brescia) - 76.3KB
✅ riparazione-pc-villanuova-sul-clisi.html (Villanuova sul Clisi, Brescia) - 76.7KB
✅ riparazione-pc-vione.html (Vione, Brescia) - 76.1KB
✅ riparazione-pc-visano.html (Visano, Brescia) - 76.1KB
✅ riparazione-pc-vobarno.html (Vobarno, Brescia) - 76.2KB
✅ riparazione-pc-zone.html (Zone, Brescia) - 76.0KB
✅ riparazione-pc-piancogno.html (Piancogno, Brescia) - 76.2KB
✅ riparazione-pc-alagna.html (Alagna, Pavia) - 76.1KB
✅ riparazione-pc-albonese.html (Albonese, Pavia) - 76.2KB
✅ riparazione-pc-albuzzano.html (Albuzzano, Pavia) - 76.2KB
✅ riparazione-pc-arena-po.html (Arena Po, Pavia) - 76.2KB
✅ riparazione-pc-badia-pavese.html (Badia Pavese, Pavia) - 76.4KB
✅ riparazione-pc-bagnaria.html (Bagnaria, Pavia) - 76.2KB
✅ riparazione-pc-barbianello.html (Barbianello, Pavia) - 76.3KB
✅ riparazione-pc-bascape.html (Bascapè, Pavia) - 76.2KB
✅ riparazione-pc-bastida-pancarana.html (Bastida Pancarana, Pavia) - 76.6KB
✅ riparazione-pc-battuda.html (Battuda, Pavia) - 76.2KB
✅ riparazione-pc-belgioioso.html (Belgioioso, Pavia) - 76.3KB
✅ riparazione-pc-bereguardo.html (Bereguardo, Pavia) - 76.3KB
✅ riparazione-pc-borgarello.html (Borgarello, Pavia) - 76.3KB
✅ riparazione-pc-borgo-priolo.html (Borgo Priolo, Pavia) - 76.4KB
✅ riparazione-pc-borgoratto-mormorolo.html (Borgoratto Mormorolo, Pavia) - 76.7KB
✅ riparazione-pc-borgo-san-siro.html (Borgo San Siro, Pavia) - 76.4KB
✅ riparazione-pc-bornasco.html (Bornasco, Pavia) - 76.2KB
✅ riparazione-pc-bosnasco.html (Bosnasco, Pavia) - 76.2KB
✅ riparazione-pc-brallo-di-pregola.html (Brallo di Pregola, Pavia) - 76.6KB
✅ riparazione-pc-breme.html (Breme, Pavia) - 76.1KB
✅ riparazione-pc-bressana-bottarone.html (Bressana Bottarone, Pavia) - 76.6KB
✅ riparazione-pc-broni.html (Broni, Pavia) - 76.1KB
✅ riparazione-pc-calvignano.html (Calvignano, Pavia) - 76.3KB
✅ riparazione-pc-campospinoso-albaredo.html (Campospinoso Albaredo, Pavia) - 76.7KB
✅ riparazione-pc-candia-lomellina.html (Candia Lomellina, Pavia) - 76.5KB
✅ riparazione-pc-canneto-pavese.html (Canneto Pavese, Pavia) - 76.4KB
✅ riparazione-pc-carbonara-al-ticino.html (Carbonara al Ticino, Pavia) - 76.7KB
✅ riparazione-pc-casanova-lonati.html (Casanova Lonati, Pavia) - 76.5KB
✅ riparazione-pc-casatisma.html (Casatisma, Pavia) - 76.2KB
✅ riparazione-pc-casei-gerola.html (Casei Gerola, Pavia) - 76.4KB
✅ riparazione-pc-casorate-primo.html (Casorate Primo, Pavia) - 76.4KB
✅ riparazione-pc-cassolnovo.html (Cassolnovo, Pavia) - 76.3KB
✅ riparazione-pc-castana.html (Castana, Pavia) - 76.2KB
✅ riparazione-pc-casteggio.html (Casteggio, Pavia) - 76.2KB
✅ riparazione-pc-castelletto-di-branduzzo.html (Castelletto di Branduzzo, Pavia) - 76.9KB
✅ riparazione-pc-castello-dagogna.html (Castello d'Agogna, Pavia) - 76.6KB
✅ riparazione-pc-castelnovetto.html (Castelnovetto, Pavia) - 76.4KB
✅ riparazione-pc-cava-manara.html (Cava Manara, Pavia) - 76.3KB
✅ riparazione-pc-cecima.html (Cecima, Pavia) - 76.1KB
✅ riparazione-pc-ceranova.html (Ceranova, Pavia) - 76.2KB
✅ riparazione-pc-ceretto-lomellina.html (Ceretto Lomellina, Pavia) - 76.6KB
✅ riparazione-pc-cergnago.html (Cergnago, Pavia) - 76.2KB
✅ riparazione-pc-certosa-di-pavia.html (Certosa di Pavia, Pavia) - 76.5KB
✅ riparazione-pc-cervesina.html (Cervesina, Pavia) - 76.2KB
✅ riparazione-pc-chignolo-po.html (Chignolo Po, Pavia) - 76.3KB
✅ riparazione-pc-cigognola.html (Cigognola, Pavia) - 76.2KB
✅ riparazione-pc-cilavegna.html (Cilavegna, Pavia) - 76.2KB
✅ riparazione-pc-codevilla.html (Codevilla, Pavia) - 76.2KB
✅ riparazione-pc-confienza.html (Confienza, Pavia) - 76.2KB
✅ riparazione-pc-copiano.html (Copiano, Pavia) - 76.2KB
✅ riparazione-pc-corana.html (Corana, Pavia) - 76.1KB
✅ riparazione-pc-corvino-san-quirico.html (Corvino San Quirico, Pavia) - 76.7KB
✅ riparazione-pc-costa-de-nobili.html (Costa de' Nobili, Pavia) - 76.5KB
✅ riparazione-pc-cozzo.html (Cozzo, Pavia) - 76.1KB
✅ riparazione-pc-cura-carpignano.html (Cura Carpignano, Pavia) - 76.5KB
✅ riparazione-pc-dorno.html (Dorno, Pavia) - 76.1KB
✅ riparazione-pc-ferrera-erbognone.html (Ferrera Erbognone, Pavia) - 76.6KB
✅ riparazione-pc-filighera.html (Filighera, Pavia) - 76.2KB
✅ riparazione-pc-fortunago.html (Fortunago, Pavia) - 76.2KB
✅ riparazione-pc-frascarolo.html (Frascarolo, Pavia) - 76.3KB
✅ riparazione-pc-galliavola.html (Galliavola, Pavia) - 76.3KB
✅ riparazione-pc-gambarana.html (Gambarana, Pavia) - 76.2KB
✅ riparazione-pc-gambolo.html (Gambolò, Pavia) - 76.2KB
✅ riparazione-pc-garlasco.html (Garlasco, Pavia) - 76.2KB
✅ riparazione-pc-gerenzago.html (Gerenzago, Pavia) - 76.2KB
✅ riparazione-pc-giussago.html (Giussago, Pavia) - 76.2KB
✅ riparazione-pc-godiasco-salice-terme.html (Godiasco Salice Terme, Pavia) - 76.7KB
✅ riparazione-pc-golferenzo.html (Golferenzo, Pavia) - 76.3KB
✅ riparazione-pc-gravellona-lomellina.html (Gravellona Lomellina, Pavia) - 76.7KB
✅ riparazione-pc-gropello-cairoli.html (Gropello Cairoli, Pavia) - 76.5KB
✅ riparazione-pc-inverno-e-monteleone.html (Inverno e Monteleone, Pavia) - 76.7KB
✅ riparazione-pc-landriano.html (Landriano, Pavia) - 76.2KB
✅ riparazione-pc-langosco.html (Langosco, Pavia) - 76.2KB
✅ riparazione-pc-lardirago.html (Lardirago, Pavia) - 76.2KB
✅ riparazione-pc-linarolo.html (Linarolo, Pavia) - 76.2KB
✅ riparazione-pc-lirio.html (Lirio, Pavia) - 76.1KB
✅ riparazione-pc-lomello.html (Lomello, Pavia) - 76.2KB
✅ riparazione-pc-lungavilla.html (Lungavilla, Pavia) - 76.3KB
✅ riparazione-pc-magherno.html (Magherno, Pavia) - 76.2KB
✅ riparazione-pc-marcignago.html (Marcignago, Pavia) - 76.3KB
✅ riparazione-pc-marzano.html (Marzano, Pavia) - 76.2KB
✅ riparazione-pc-mede.html (Mede, Pavia) - 76.0KB
✅ riparazione-pc-menconico.html (Menconico, Pavia) - 76.2KB
✅ riparazione-pc-mezzana-bigli.html (Mezzana Bigli, Pavia) - 76.4KB
✅ riparazione-pc-mezzana-rabattone.html (Mezzana Rabattone, Pavia) - 76.6KB
✅ riparazione-pc-mezzanino.html (Mezzanino, Pavia) - 76.2KB
✅ riparazione-pc-miradolo-terme.html (Miradolo Terme, Pavia) - 76.4KB
✅ riparazione-pc-montalto-pavese.html (Montalto Pavese, Pavia) - 76.5KB
✅ riparazione-pc-montebello-della-battaglia.html (Montebello della Battaglia, Pavia) - 77.0KB
✅ riparazione-pc-montecalvo-versiggia.html (Montecalvo Versiggia, Pavia) - 76.7KB
✅ riparazione-pc-montescano.html (Montescano, Pavia) - 76.3KB
✅ riparazione-pc-montesegale.html (Montesegale, Pavia) - 76.3KB
✅ riparazione-pc-monticelli-pavese.html (Monticelli Pavese, Pavia) - 76.6KB
✅ riparazione-pc-montu-beccaria.html (Montù Beccaria, Pavia) - 76.4KB
✅ riparazione-pc-mornico-losana.html (Mornico Losana, Pavia) - 76.4KB
✅ riparazione-pc-mortara.html (Mortara, Pavia) - 76.2KB
✅ riparazione-pc-nicorvo.html (Nicorvo, Pavia) - 76.2KB
✅ riparazione-pc-olevano-di-lomellina.html (Olevano di Lomellina, Pavia) - 76.7KB
✅ riparazione-pc-oliva-gessi.html (Oliva Gessi, Pavia) - 76.3KB
✅ riparazione-pc-ottobiano.html (Ottobiano, Pavia) - 76.2KB
✅ riparazione-pc-palestro.html (Palestro, Pavia) - 76.2KB
✅ riparazione-pc-pancarana.html (Pancarana, Pavia) - 76.2KB
✅ riparazione-pc-parona.html (Parona, Pavia) - 76.1KB
✅ riparazione-pc-pavia.html (Pavia, Pavia) - 76.1KB
✅ riparazione-pc-pietra-de-giorgi.html (Pietra de' Giorgi, Pavia) - 76.6KB
✅ riparazione-pc-pieve-albignola.html (Pieve Albignola, Pavia) - 76.5KB
✅ riparazione-pc-pieve-del-cairo.html (Pieve del Cairo, Pavia) - 76.5KB
✅ riparazione-pc-pieve-porto-morone.html (Pieve Porto Morone, Pavia) - 76.6KB
✅ riparazione-pc-pinarolo-po.html (Pinarolo Po, Pavia) - 76.3KB
✅ riparazione-pc-pizzale.html (Pizzale, Pavia) - 76.2KB
✅ riparazione-pc-ponte-nizza.html (Ponte Nizza, Pavia) - 76.3KB
✅ riparazione-pc-portalbera.html (Portalbera, Pavia) - 76.3KB
✅ riparazione-pc-rea.html (Rea, Pavia) - 76.0KB
✅ riparazione-pc-redavalle.html (Redavalle, Pavia) - 76.2KB
✅ riparazione-pc-retorbido.html (Retorbido, Pavia) - 76.2KB
✅ riparazione-pc-rivanazzano-terme.html (Rivanazzano Terme, Pavia) - 76.6KB
✅ riparazione-pc-robbio.html (Robbio, Pavia) - 76.1KB
✅ riparazione-pc-robecco-pavese.html (Robecco Pavese, Pavia) - 76.4KB
✅ riparazione-pc-rocca-de-giorgi.html (Rocca de' Giorgi, Pavia) - 76.5KB
✅ riparazione-pc-rocca-susella.html (Rocca Susella, Pavia) - 76.4KB
✅ riparazione-pc-rognano.html (Rognano, Pavia) - 76.2KB
✅ riparazione-pc-romagnese.html (Romagnese, Pavia) - 76.2KB
✅ riparazione-pc-roncaro.html (Roncaro, Pavia) - 76.2KB
✅ riparazione-pc-rosasco.html (Rosasco, Pavia) - 76.2KB
✅ riparazione-pc-rovescala.html (Rovescala, Pavia) - 76.2KB
✅ riparazione-pc-san-cipriano-po.html (San Cipriano Po, Pavia) - 76.5KB
✅ riparazione-pc-san-damiano-al-colle.html (San Damiano al Colle, Pavia) - 76.7KB
✅ riparazione-pc-san-genesio-ed-uniti.html (San Genesio ed Uniti, Pavia) - 76.7KB
✅ riparazione-pc-san-giorgio-di-lomellina.html (San Giorgio di Lomellina, Pavia) - 76.9KB
✅ riparazione-pc-san-martino-siccomario.html (San Martino Siccomario, Pavia) - 76.8KB
✅ riparazione-pc-sannazzaro-de-burgondi.html (Sannazzaro de' Burgondi, Pavia) - 76.8KB
✅ riparazione-pc-santa-cristina-e-bissone.html (Santa Cristina e Bissone, Pavia) - 76.9KB
✅ riparazione-pc-santa-giuletta.html (Santa Giuletta, Pavia) - 76.4KB
✅ riparazione-pc-santalessio-con-vialone.html (Sant'Alessio con Vialone, Pavia) - 76.9KB
✅ riparazione-pc-santa-margherita-di-staffora.html (Santa Margherita di Staffora, Pavia) - 77.0KB
✅ riparazione-pc-santa-maria-della-versa.html (Santa Maria della Versa, Pavia) - 76.8KB
✅ riparazione-pc-santangelo-lomellina.html (Sant'Angelo Lomellina, Pavia) - 76.7KB
✅ riparazione-pc-san-zenone-al-po.html (San Zenone al Po, Pavia) - 76.5KB
✅ riparazione-pc-sartirana-lomellina.html (Sartirana Lomellina, Pavia) - 76.7KB
✅ riparazione-pc-scaldasole.html (Scaldasole, Pavia) - 76.3KB
✅ riparazione-pc-semiana.html (Semiana, Pavia) - 76.2KB
✅ riparazione-pc-silvano-pietra.html (Silvano Pietra, Pavia) - 76.4KB
✅ riparazione-pc-siziano.html (Siziano, Pavia) - 76.2KB
✅ riparazione-pc-sommo.html (Sommo, Pavia) - 76.1KB
✅ riparazione-pc-spessa.html (Spessa, Pavia) - 76.1KB
✅ riparazione-pc-stradella.html (Stradella, Pavia) - 76.2KB
✅ riparazione-pc-suardi.html (Suardi, Pavia) - 76.1KB
✅ riparazione-pc-torrazza-coste.html (Torrazza Coste, Pavia) - 76.4KB
✅ riparazione-pc-torre-beretti-e-castellaro.html (Torre Beretti e Castellaro, Pavia) - 77.0KB
✅ riparazione-pc-torre-darese.html (Torre d'Arese, Pavia) - 76.4KB
✅ riparazione-pc-torre-de-negri.html (Torre de' Negri, Pavia) - 76.5KB
✅ riparazione-pc-torre-disola.html (Torre d'Isola, Pavia) - 76.4KB
✅ riparazione-pc-torrevecchia-pia.html (Torrevecchia Pia, Pavia) - 76.5KB
✅ riparazione-pc-torricella-verzate.html (Torricella Verzate, Pavia) - 76.6KB
✅ riparazione-pc-travaco-siccomario.html (Travacò Siccomario, Pavia) - 76.6KB
✅ riparazione-pc-trivolzio.html (Trivolzio, Pavia) - 76.2KB
✅ riparazione-pc-tromello.html (Tromello, Pavia) - 76.2KB
✅ riparazione-pc-trovo.html (Trovo, Pavia) - 76.1KB
✅ riparazione-pc-val-di-nizza.html (Val di Nizza, Pavia) - 76.4KB
✅ riparazione-pc-valeggio.html (Valeggio, Pavia) - 76.2KB
✅ riparazione-pc-valle-lomellina.html (Valle Lomellina, Pavia) - 76.5KB
✅ riparazione-pc-valle-salimbene.html (Valle Salimbene, Pavia) - 76.5KB
✅ riparazione-pc-varzi.html (Varzi, Pavia) - 76.1KB
✅ riparazione-pc-velezzo-lomellina.html (Velezzo Lomellina, Pavia) - 76.6KB
✅ riparazione-pc-vellezzo-bellini.html (Vellezzo Bellini, Pavia) - 76.5KB
✅ riparazione-pc-verretto.html (Verretto, Pavia) - 76.2KB
✅ riparazione-pc-verrua-po.html (Verrua Po, Pavia) - 76.2KB
✅ riparazione-pc-vidigulfo.html (Vidigulfo, Pavia) - 76.2KB
✅ riparazione-pc-vigevano.html (Vigevano, Pavia) - 76.2KB
✅ riparazione-pc-villa-biscossi.html (Villa Biscossi, Pavia) - 76.4KB
✅ riparazione-pc-villanova-dardenghi.html (Villanova d'Ardenghi, Pavia) - 76.7KB
✅ riparazione-pc-villanterio.html (Villanterio, Pavia) - 76.3KB
✅ riparazione-pc-vistarino.html (Vistarino, Pavia) - 76.2KB
✅ riparazione-pc-voghera.html (Voghera, Pavia) - 76.2KB
✅ riparazione-pc-volpara.html (Volpara, Pavia) - 76.2KB
✅ riparazione-pc-zavattarello.html (Zavattarello, Pavia) - 76.4KB
✅ riparazione-pc-zeccone.html (Zeccone, Pavia) - 76.2KB
✅ riparazione-pc-zeme.html (Zeme, Pavia) - 76.0KB
✅ riparazione-pc-zenevredo.html (Zenevredo, Pavia) - 76.2KB
✅ riparazione-pc-zerbo.html (Zerbo, Pavia) - 76.1KB
✅ riparazione-pc-zerbolo.html (Zerbolò, Pavia) - 76.2KB
✅ riparazione-pc-zinasco.html (Zinasco, Pavia) - 76.2KB
✅ riparazione-pc-cornale-e-bastida.html (Cornale e Bastida, Pavia) - 76.6KB
✅ riparazione-pc-corteolona-e-genzone.html (Corteolona e Genzone, Pavia) - 76.7KB
✅ riparazione-pc-colli-verdi.html (Colli Verdi, Pavia) - 76.3KB
✅ riparazione-pc-acquanegra-cremonese.html (Acquanegra Cremonese, Cremona) - 76.7KB
✅ riparazione-pc-agnadello.html (Agnadello, Cremona) - 76.2KB
✅ riparazione-pc-annicco.html (Annicco, Cremona) - 76.2KB
✅ riparazione-pc-azzanello.html (Azzanello, Cremona) - 76.2KB
✅ riparazione-pc-bagnolo-cremasco.html (Bagnolo Cremasco, Cremona) - 76.5KB
✅ riparazione-pc-bonemerse.html (Bonemerse, Cremona) - 76.2KB
✅ riparazione-pc-bordolano.html (Bordolano, Cremona) - 76.2KB
✅ riparazione-pc-calvatone.html (Calvatone, Cremona) - 76.2KB
✅ riparazione-pc-camisano.html (Camisano, Cremona) - 76.2KB
✅ riparazione-pc-campagnola-cremasca.html (Campagnola Cremasca, Cremona) - 76.7KB
✅ riparazione-pc-capergnanica.html (Capergnanica, Cremona) - 76.4KB
✅ riparazione-pc-cappella-cantone.html (Cappella Cantone, Cremona) - 76.5KB
✅ riparazione-pc-cappella-de-picenardi.html (Cappella de' Picenardi, Cremona) - 76.8KB
✅ riparazione-pc-capralba.html (Capralba, Cremona) - 76.2KB
✅ riparazione-pc-casalbuttano-ed-uniti.html (Casalbuttano ed Uniti, Cremona) - 76.7KB
✅ riparazione-pc-casale-cremasco-vidolasco.html (Casale Cremasco-Vidolasco, Cremona) - 76.9KB
✅ riparazione-pc-casaletto-ceredano.html (Casaletto Ceredano, Cremona) - 76.6KB
✅ riparazione-pc-casaletto-di-sopra.html (Casaletto di Sopra, Cremona) - 76.6KB
✅ riparazione-pc-casaletto-vaprio.html (Casaletto Vaprio, Cremona) - 76.5KB
✅ riparazione-pc-casalmaggiore.html (Casalmaggiore, Cremona) - 76.4KB
✅ riparazione-pc-casalmorano.html (Casalmorano, Cremona) - 76.3KB
✅ riparazione-pc-casteldidone.html (Casteldidone, Cremona) - 76.4KB
✅ riparazione-pc-castel-gabbiano.html (Castel Gabbiano, Cremona) - 76.5KB
✅ riparazione-pc-castelleone.html (Castelleone, Cremona) - 76.3KB
✅ riparazione-pc-castelverde.html (Castelverde, Cremona) - 76.3KB
✅ riparazione-pc-castelvisconti.html (Castelvisconti, Cremona) - 76.4KB
✅ riparazione-pc-cella-dati.html (Cella Dati, Cremona) - 76.3KB
✅ riparazione-pc-chieve.html (Chieve, Cremona) - 76.1KB
✅ riparazione-pc-cicognolo.html (Cicognolo, Cremona) - 76.2KB
✅ riparazione-pc-cingia-de-botti.html (Cingia de' Botti, Cremona) - 76.5KB
✅ riparazione-pc-corte-de-cortesi-con-cignone.html (Corte de' Cortesi con Cignone, Cremona) - 77.1KB
✅ riparazione-pc-corte-de-frati.html (Corte de' Frati, Cremona) - 76.5KB
✅ riparazione-pc-credera-rubbiano.html (Credera Rubbiano, Cremona) - 76.5KB
✅ riparazione-pc-crema.html (Crema, Cremona) - 76.1KB
✅ riparazione-pc-cremona.html (Cremona, Cremona) - 76.2KB
✅ riparazione-pc-cremosano.html (Cremosano, Cremona) - 76.2KB
✅ riparazione-pc-crotta-dadda.html (Crotta d'Adda, Cremona) - 76.4KB
✅ riparazione-pc-cumignano-sul-naviglio.html (Cumignano sul Naviglio, Cremona) - 76.8KB
✅ riparazione-pc-derovere.html (Derovere, Cremona) - 76.2KB
✅ riparazione-pc-dovera.html (Dovera, Cremona) - 76.1KB
✅ riparazione-pc-fiesco.html (Fiesco, Cremona) - 76.1KB
✅ riparazione-pc-formigara.html (Formigara, Cremona) - 76.2KB
✅ riparazione-pc-gabbioneta-binanuova.html (Gabbioneta-Binanuova, Cremona) - 76.7KB
✅ riparazione-pc-gadesco-pieve-delmona.html (Gadesco-Pieve Delmona, Cremona) - 76.7KB
✅ riparazione-pc-genivolta.html (Genivolta, Cremona) - 76.2KB
✅ riparazione-pc-gerre-de-caprioli.html (Gerre de' Caprioli, Cremona) - 76.6KB
✅ riparazione-pc-gombito.html (Gombito, Cremona) - 76.2KB
✅ riparazione-pc-grontardo.html (Grontardo, Cremona) - 76.2KB
✅ riparazione-pc-grumello-cremonese-ed-uniti.html (Grumello Cremonese ed Uniti, Cremona) - 77.0KB
✅ riparazione-pc-gussola.html (Gussola, Cremona) - 76.2KB
✅ riparazione-pc-isola-dovarese.html (Isola Dovarese, Cremona) - 76.4KB
✅ riparazione-pc-izano.html (Izano, Cremona) - 76.1KB
✅ riparazione-pc-madignano.html (Madignano, Cremona) - 76.2KB
✅ riparazione-pc-malagnino.html (Malagnino, Cremona) - 76.2KB
✅ riparazione-pc-martignana-di-po.html (Martignana di Po, Cremona) - 76.5KB
✅ riparazione-pc-monte-cremasco.html (Monte Cremasco, Cremona) - 76.4KB
✅ riparazione-pc-montodine.html (Montodine, Cremona) - 76.2KB
✅ riparazione-pc-moscazzano.html (Moscazzano, Cremona) - 76.3KB
✅ riparazione-pc-motta-baluffi.html (Motta Baluffi, Cremona) - 76.4KB
✅ riparazione-pc-offanengo.html (Offanengo, Cremona) - 76.2KB
✅ riparazione-pc-olmeneta.html (Olmeneta, Cremona) - 76.2KB
✅ riparazione-pc-ostiano.html (Ostiano, Cremona) - 76.2KB
✅ riparazione-pc-paderno-ponchielli.html (Paderno Ponchielli, Cremona) - 76.6KB
✅ riparazione-pc-palazzo-pignano.html (Palazzo Pignano, Cremona) - 76.5KB
✅ riparazione-pc-pandino.html (Pandino, Cremona) - 76.2KB
✅ riparazione-pc-persico-dosimo.html (Persico Dosimo, Cremona) - 76.4KB
✅ riparazione-pc-pescarolo-ed-uniti.html (Pescarolo ed Uniti, Cremona) - 76.6KB
✅ riparazione-pc-pessina-cremonese.html (Pessina Cremonese, Cremona) - 76.6KB
✅ riparazione-pc-pianengo.html (Pianengo, Cremona) - 76.2KB
✅ riparazione-pc-pieranica.html (Pieranica, Cremona) - 76.2KB
✅ riparazione-pc-pieve-dolmi.html (Pieve d'Olmi, Cremona) - 76.4KB
✅ riparazione-pc-pieve-san-giacomo.html (Pieve San Giacomo, Cremona) - 76.6KB
✅ riparazione-pc-pizzighettone.html (Pizzighettone, Cremona) - 76.4KB
✅ riparazione-pc-pozzaglio-ed-uniti.html (Pozzaglio ed Uniti, Cremona) - 76.6KB
✅ riparazione-pc-quintano.html (Quintano, Cremona) - 76.2KB
✅ riparazione-pc-ricengo.html (Ricengo, Cremona) - 76.2KB
✅ riparazione-pc-ripalta-arpina.html (Ripalta Arpina, Cremona) - 76.4KB
✅ riparazione-pc-ripalta-cremasca.html (Ripalta Cremasca, Cremona) - 76.5KB
✅ riparazione-pc-ripalta-guerina.html (Ripalta Guerina, Cremona) - 76.5KB
✅ riparazione-pc-rivarolo-del-re-ed-uniti.html (Rivarolo del Re ed Uniti, Cremona) - 76.9KB
✅ riparazione-pc-rivolta-dadda.html (Rivolta d'Adda, Cremona) - 76.4KB
✅ riparazione-pc-robecco-doglio.html (Robecco d'Oglio, Cremona) - 76.5KB
✅ riparazione-pc-romanengo.html (Romanengo, Cremona) - 76.2KB
✅ riparazione-pc-salvirola.html (Salvirola, Cremona) - 76.2KB
✅ riparazione-pc-san-bassano.html (San Bassano, Cremona) - 76.3KB
✅ riparazione-pc-san-daniele-po.html (San Daniele Po, Cremona) - 76.4KB
✅ riparazione-pc-san-giovanni-in-croce.html (San Giovanni in Croce, Cremona) - 76.7KB
✅ riparazione-pc-san-martino-del-lago.html (San Martino del Lago, Cremona) - 76.7KB
✅ riparazione-pc-scandolara-ravara.html (Scandolara Ravara, Cremona) - 76.6KB
✅ riparazione-pc-scandolara-ripa-doglio.html (Scandolara Ripa d'Oglio, Cremona) - 76.8KB
✅ riparazione-pc-sergnano.html (Sergnano, Cremona) - 76.2KB
✅ riparazione-pc-sesto-ed-uniti.html (Sesto ed Uniti, Cremona) - 76.4KB
✅ riparazione-pc-solarolo-rainerio.html (Solarolo Rainerio, Cremona) - 76.6KB
✅ riparazione-pc-soncino.html (Soncino, Cremona) - 76.2KB
✅ riparazione-pc-soresina.html (Soresina, Cremona) - 76.2KB
✅ riparazione-pc-sospiro.html (Sospiro, Cremona) - 76.2KB
✅ riparazione-pc-spinadesco.html (Spinadesco, Cremona) - 76.3KB
✅ riparazione-pc-spineda.html (Spineda, Cremona) - 76.2KB
✅ riparazione-pc-spino-dadda.html (Spino d'Adda, Cremona) - 76.4KB
✅ riparazione-pc-stagno-lombardo.html (Stagno Lombardo, Cremona) - 76.5KB
✅ riparazione-pc-ticengo.html (Ticengo, Cremona) - 76.2KB
✅ riparazione-pc-torlino-vimercati.html (Torlino Vimercati, Cremona) - 76.6KB
✅ riparazione-pc-tornata.html (Tornata, Cremona) - 76.2KB
✅ riparazione-pc-torre-de-picenardi.html (Torre de' Picenardi, Cremona) - 76.6KB
✅ riparazione-pc-torricella-del-pizzo.html (Torricella del Pizzo, Cremona) - 76.7KB
✅ riparazione-pc-trescore-cremasco.html (Trescore Cremasco, Cremona) - 76.6KB
✅ riparazione-pc-trigolo.html (Trigolo, Cremona) - 76.2KB
✅ riparazione-pc-vaiano-cremasco.html (Vaiano Cremasco, Cremona) - 76.5KB
✅ riparazione-pc-vailate.html (Vailate, Cremona) - 76.2KB
✅ riparazione-pc-vescovato.html (Vescovato, Cremona) - 76.2KB
✅ riparazione-pc-volongo.html (Volongo, Cremona) - 76.2KB
✅ riparazione-pc-voltido.html (Voltido, Cremona) - 76.2KB
✅ riparazione-pc-piadena-drizzona.html (Piadena Drizzona, Cremona) - 76.5KB
✅ riparazione-pc-acquanegra-sul-chiese.html (Acquanegra sul Chiese, Mantova) - 76.7KB
✅ riparazione-pc-asola.html (Asola, Mantova) - 76.1KB
✅ riparazione-pc-bagnolo-san-vito.html (Bagnolo San Vito, Mantova) - 76.5KB
✅ riparazione-pc-bozzolo.html (Bozzolo, Mantova) - 76.2KB
✅ riparazione-pc-canneto-sulloglio.html (Canneto sull'Oglio, Mantova) - 76.6KB
✅ riparazione-pc-casalmoro.html (Casalmoro, Mantova) - 76.2KB
✅ riparazione-pc-casaloldo.html (Casaloldo, Mantova) - 76.2KB
✅ riparazione-pc-casalromano.html (Casalromano, Mantova) - 76.3KB
✅ riparazione-pc-castelbelforte.html (Castelbelforte, Mantova) - 76.4KB
✅ riparazione-pc-castel-dario.html (Castel d'Ario, Mantova) - 76.4KB
✅ riparazione-pc-castel-goffredo.html (Castel Goffredo, Mantova) - 76.5KB
✅ riparazione-pc-castellucchio.html (Castellucchio, Mantova) - 76.4KB
✅ riparazione-pc-castiglione-delle-stiviere.html (Castiglione delle Stiviere, Mantova) - 77.0KB
✅ riparazione-pc-cavriana.html (Cavriana, Mantova) - 76.2KB
✅ riparazione-pc-ceresara.html (Ceresara, Mantova) - 76.2KB
✅ riparazione-pc-commessaggio.html (Commessaggio, Mantova) - 76.4KB
✅ riparazione-pc-curtatone.html (Curtatone, Mantova) - 76.2KB
✅ riparazione-pc-dosolo.html (Dosolo, Mantova) - 76.1KB
✅ riparazione-pc-gazoldo-degli-ippoliti.html (Gazoldo degli Ippoliti, Mantova) - 76.8KB
✅ riparazione-pc-gazzuolo.html (Gazzuolo, Mantova) - 76.2KB
✅ riparazione-pc-goito.html (Goito, Mantova) - 76.1KB
✅ riparazione-pc-gonzaga.html (Gonzaga, Mantova) - 76.2KB
✅ riparazione-pc-guidizzolo.html (Guidizzolo, Mantova) - 76.3KB
✅ riparazione-pc-magnacavallo.html (Magnacavallo, Mantova) - 76.4KB
✅ riparazione-pc-mantova.html (Mantova, Mantova) - 76.2KB
✅ riparazione-pc-marcaria.html (Marcaria, Mantova) - 76.2KB
✅ riparazione-pc-mariana-mantovana.html (Mariana Mantovana, Mantova) - 76.6KB
✅ riparazione-pc-marmirolo.html (Marmirolo, Mantova) - 76.2KB
✅ riparazione-pc-medole.html (Medole, Mantova) - 76.1KB
✅ riparazione-pc-moglia.html (Moglia, Mantova) - 76.1KB
✅ riparazione-pc-monzambano.html (Monzambano, Mantova) - 76.3KB
✅ riparazione-pc-motteggiana.html (Motteggiana, Mantova) - 76.3KB
✅ riparazione-pc-ostiglia.html (Ostiglia, Mantova) - 76.2KB
✅ riparazione-pc-pegognaga.html (Pegognaga, Mantova) - 76.2KB
✅ riparazione-pc-piubega.html (Piubega, Mantova) - 76.2KB
✅ riparazione-pc-poggio-rusco.html (Poggio Rusco, Mantova) - 76.4KB
✅ riparazione-pc-pomponesco.html (Pomponesco, Mantova) - 76.3KB
✅ riparazione-pc-ponti-sul-mincio.html (Ponti sul Mincio, Mantova) - 76.5KB
✅ riparazione-pc-porto-mantovano.html (Porto Mantovano, Mantova) - 76.5KB
✅ riparazione-pc-quingentole.html (Quingentole, Mantova) - 76.3KB
✅ riparazione-pc-quistello.html (Quistello, Mantova) - 76.2KB
✅ riparazione-pc-redondesco.html (Redondesco, Mantova) - 76.3KB
✅ riparazione-pc-rivarolo-mantovano.html (Rivarolo Mantovano, Mantova) - 76.6KB
✅ riparazione-pc-rodigo.html (Rodigo, Mantova) - 76.1KB
✅ riparazione-pc-roncoferraro.html (Roncoferraro, Mantova) - 76.4KB
✅ riparazione-pc-roverbella.html (Roverbella, Mantova) - 76.3KB
✅ riparazione-pc-sabbioneta.html (Sabbioneta, Mantova) - 76.3KB
✅ riparazione-pc-san-benedetto-po.html (San Benedetto Po, Mantova) - 76.5KB
✅ riparazione-pc-san-giacomo-delle-segnate.html (San Giacomo delle Segnate, Mantova) - 76.9KB
✅ riparazione-pc-san-giorgio-bigarello.html (San Giorgio Bigarello, Mantova) - 76.7KB
✅ riparazione-pc-san-giovanni-del-dosso.html (San Giovanni del Dosso, Mantova) - 76.8KB
✅ riparazione-pc-san-martino-dallargine.html (San Martino dall'Argine, Mantova) - 76.8KB
✅ riparazione-pc-schivenoglia.html (Schivenoglia, Mantova) - 76.4KB
✅ riparazione-pc-sermide-e-felonica.html (Sermide e Felonica, Mantova) - 76.6KB
✅ riparazione-pc-serravalle-a-po.html (Serravalle a Po, Mantova) - 76.5KB
✅ riparazione-pc-solferino.html (Solferino, Mantova) - 76.2KB
✅ riparazione-pc-sustinente.html (Sustinente, Mantova) - 76.3KB
✅ riparazione-pc-suzzara.html (Suzzara, Mantova) - 76.2KB
✅ riparazione-pc-viadana.html (Viadana, Mantova) - 76.2KB
✅ riparazione-pc-villimpenta.html (Villimpenta, Mantova) - 76.3KB
✅ riparazione-pc-volta-mantovana.html (Volta Mantovana, Mantova) - 76.5KB
✅ riparazione-pc-borgo-virgilio.html (Borgo Virgilio, Mantova) - 76.4KB
✅ riparazione-pc-borgo-mantovano.html (Borgo Mantovano, Mantova) - 76.5KB
✅ riparazione-pc-borgocarbonara.html (Borgocarbonara, Mantova) - 76.4KB
✅ riparazione-pc-abbadia-lariana.html (Abbadia Lariana, Lecco) - 76.5KB
✅ riparazione-pc-airuno.html (Airuno, Lecco) - 76.1KB
✅ riparazione-pc-annone-di-brianza.html (Annone di Brianza, Lecco) - 76.6KB
✅ riparazione-pc-ballabio.html (Ballabio, Lecco) - 76.2KB
✅ riparazione-pc-barzago.html (Barzago, Lecco) - 76.2KB
✅ riparazione-pc-barzano.html (Barzanò, Lecco) - 76.2KB
✅ riparazione-pc-barzio.html (Barzio, Lecco) - 76.1KB
✅ riparazione-pc-bellano.html (Bellano, Lecco) - 76.2KB
✅ riparazione-pc-bosisio-parini.html (Bosisio Parini, Lecco) - 76.4KB
✅ riparazione-pc-brivio.html (Brivio, Lecco) - 76.1KB
✅ riparazione-pc-bulciago.html (Bulciago, Lecco) - 76.2KB
✅ riparazione-pc-calco.html (Calco, Lecco) - 76.1KB
✅ riparazione-pc-calolziocorte.html (Calolziocorte, Lecco) - 76.4KB
✅ riparazione-pc-carenno.html (Carenno, Lecco) - 76.2KB
✅ riparazione-pc-casargo.html (Casargo, Lecco) - 76.2KB
✅ riparazione-pc-casatenovo.html (Casatenovo, Lecco) - 76.3KB
✅ riparazione-pc-cassago-brianza.html (Cassago Brianza, Lecco) - 76.5KB
✅ riparazione-pc-cassina-valsassina.html (Cassina Valsassina, Lecco) - 76.6KB
✅ riparazione-pc-castello-di-brianza.html (Castello di Brianza, Lecco) - 76.7KB
✅ riparazione-pc-cernusco-lombardone.html (Cernusco Lombardone, Lecco) - 76.7KB
✅ riparazione-pc-cesana-brianza.html (Cesana Brianza, Lecco) - 76.4KB
✅ riparazione-pc-civate.html (Civate, Lecco) - 76.1KB
✅ riparazione-pc-colico.html (Colico, Lecco) - 76.1KB
✅ riparazione-pc-colle-brianza.html (Colle Brianza, Lecco) - 76.4KB
✅ riparazione-pc-cortenova.html (Cortenova, Lecco) - 76.2KB
✅ riparazione-pc-costa-masnaga.html (Costa Masnaga, Lecco) - 76.4KB
✅ riparazione-pc-crandola-valsassina.html (Crandola Valsassina, Lecco) - 76.7KB
✅ riparazione-pc-cremella.html (Cremella, Lecco) - 76.2KB
✅ riparazione-pc-cremeno.html (Cremeno, Lecco) - 76.2KB
✅ riparazione-pc-dervio.html (Dervio, Lecco) - 76.1KB
✅ riparazione-pc-dolzago.html (Dolzago, Lecco) - 76.2KB
✅ riparazione-pc-dorio.html (Dorio, Lecco) - 76.1KB
✅ riparazione-pc-ello.html (Ello, Lecco) - 76.0KB
✅ riparazione-pc-erve.html (Erve, Lecco) - 76.0KB
✅ riparazione-pc-esino-lario.html (Esino Lario, Lecco) - 76.3KB
✅ riparazione-pc-galbiate.html (Galbiate, Lecco) - 76.2KB
✅ riparazione-pc-garbagnate-monastero.html (Garbagnate Monastero, Lecco) - 76.7KB
✅ riparazione-pc-garlate.html (Garlate, Lecco) - 76.2KB
✅ riparazione-pc-imbersago.html (Imbersago, Lecco) - 76.2KB
✅ riparazione-pc-introbio.html (Introbio, Lecco) - 76.2KB
✅ riparazione-pc-lecco.html (Lecco, Lecco) - 76.1KB
✅ riparazione-pc-lierna.html (Lierna, Lecco) - 76.1KB
✅ riparazione-pc-lomagna.html (Lomagna, Lecco) - 76.2KB
✅ riparazione-pc-malgrate.html (Malgrate, Lecco) - 76.2KB
✅ riparazione-pc-mandello-del-lario.html (Mandello del Lario, Lecco) - 76.6KB
✅ riparazione-pc-margno.html (Margno, Lecco) - 76.1KB
✅ riparazione-pc-merate.html (Merate, Lecco) - 76.1KB
✅ riparazione-pc-missaglia.html (Missaglia, Lecco) - 76.2KB
✅ riparazione-pc-moggio.html (Moggio, Lecco) - 76.1KB
✅ riparazione-pc-molteno.html (Molteno, Lecco) - 76.2KB
✅ riparazione-pc-monte-marenzo.html (Monte Marenzo, Lecco) - 76.4KB
✅ riparazione-pc-montevecchia.html (Montevecchia, Lecco) - 76.4KB
✅ riparazione-pc-monticello-brianza.html (Monticello Brianza, Lecco) - 76.6KB
✅ riparazione-pc-morterone.html (Morterone, Lecco) - 76.2KB
✅ riparazione-pc-nibionno.html (Nibionno, Lecco) - 76.2KB
✅ riparazione-pc-oggiono.html (Oggiono, Lecco) - 76.2KB
✅ riparazione-pc-olgiate-molgora.html (Olgiate Molgora, Lecco) - 76.5KB
✅ riparazione-pc-olginate.html (Olginate, Lecco) - 76.2KB
✅ riparazione-pc-oliveto-lario.html (Oliveto Lario, Lecco) - 76.4KB
✅ riparazione-pc-osnago.html (Osnago, Lecco) - 76.1KB
✅ riparazione-pc-paderno-dadda.html (Paderno d'Adda, Lecco) - 76.4KB
✅ riparazione-pc-pagnona.html (Pagnona, Lecco) - 76.2KB
✅ riparazione-pc-parlasco.html (Parlasco, Lecco) - 76.2KB
✅ riparazione-pc-pasturo.html (Pasturo, Lecco) - 76.2KB
✅ riparazione-pc-perledo.html (Perledo, Lecco) - 76.2KB
✅ riparazione-pc-pescate.html (Pescate, Lecco) - 76.2KB
✅ riparazione-pc-premana.html (Premana, Lecco) - 76.2KB
✅ riparazione-pc-primaluna.html (Primaluna, Lecco) - 76.2KB
✅ riparazione-pc-robbiate.html (Robbiate, Lecco) - 76.2KB
✅ riparazione-pc-rogeno.html (Rogeno, Lecco) - 76.1KB
✅ riparazione-pc-santa-maria-hoe.html (Santa Maria Hoè, Lecco) - 76.5KB
✅ riparazione-pc-sirone.html (Sirone, Lecco) - 76.1KB
✅ riparazione-pc-sirtori.html (Sirtori, Lecco) - 76.2KB
✅ riparazione-pc-sueglio.html (Sueglio, Lecco) - 76.2KB
✅ riparazione-pc-suello.html (Suello, Lecco) - 76.1KB
✅ riparazione-pc-taceno.html (Taceno, Lecco) - 76.1KB
✅ riparazione-pc-valgreghentino.html (Valgreghentino, Lecco) - 76.4KB
✅ riparazione-pc-valmadrera.html (Valmadrera, Lecco) - 76.3KB
✅ riparazione-pc-varenna.html (Varenna, Lecco) - 76.2KB
✅ riparazione-pc-vercurago.html (Vercurago, Lecco) - 76.2KB
✅ riparazione-pc-vigano.html (Viganò, Lecco) - 76.1KB
✅ riparazione-pc-verderio.html (Verderio, Lecco) - 76.2KB
✅ riparazione-pc-la-valletta-brianza.html (La Valletta Brianza, Lecco) - 76.7KB
✅ riparazione-pc-valvarrone.html (Valvarrone, Lecco) - 76.3KB
✅ riparazione-pc-abbadia-cerreto.html (Abbadia Cerreto, Lodi) - 76.5KB
✅ riparazione-pc-bertonico.html (Bertonico, Lodi) - 76.2KB
✅ riparazione-pc-boffalora-dadda.html (Boffalora d'Adda, Lodi) - 76.5KB
✅ riparazione-pc-borghetto-lodigiano.html (Borghetto Lodigiano, Lodi) - 76.7KB
✅ riparazione-pc-borgo-san-giovanni.html (Borgo San Giovanni, Lodi) - 76.6KB
✅ riparazione-pc-brembio.html (Brembio, Lodi) - 76.2KB
✅ riparazione-pc-casaletto-lodigiano.html (Casaletto Lodigiano, Lodi) - 76.7KB
✅ riparazione-pc-casalmaiocco.html (Casalmaiocco, Lodi) - 76.4KB
✅ riparazione-pc-casalpusterlengo.html (Casalpusterlengo, Lodi) - 76.5KB
✅ riparazione-pc-caselle-landi.html (Caselle Landi, Lodi) - 76.4KB
✅ riparazione-pc-caselle-lurani.html (Caselle Lurani, Lodi) - 76.4KB
✅ riparazione-pc-castelnuovo-bocca-dadda.html (Castelnuovo Bocca d'Adda, Lodi) - 76.9KB
✅ riparazione-pc-castiglione-dadda.html (Castiglione d'Adda, Lodi) - 76.6KB
✅ riparazione-pc-castiraga-vidardo.html (Castiraga Vidardo, Lodi) - 76.6KB
✅ riparazione-pc-cavenago-dadda.html (Cavenago d'Adda, Lodi) - 76.5KB
✅ riparazione-pc-cervignano-dadda.html (Cervignano d'Adda, Lodi) - 76.6KB
✅ riparazione-pc-codogno.html (Codogno, Lodi) - 76.2KB
✅ riparazione-pc-comazzo.html (Comazzo, Lodi) - 76.2KB
✅ riparazione-pc-cornegliano-laudense.html (Cornegliano Laudense, Lodi) - 76.7KB
✅ riparazione-pc-corno-giovine.html (Corno Giovine, Lodi) - 76.4KB
✅ riparazione-pc-cornovecchio.html (Cornovecchio, Lodi) - 76.4KB
✅ riparazione-pc-corte-palasio.html (Corte Palasio, Lodi) - 76.4KB
✅ riparazione-pc-crespiatica.html (Crespiatica, Lodi) - 76.3KB
✅ riparazione-pc-fombio.html (Fombio, Lodi) - 76.1KB
✅ riparazione-pc-galgagnano.html (Galgagnano, Lodi) - 76.3KB
✅ riparazione-pc-graffignana.html (Graffignana, Lodi) - 76.3KB
✅ riparazione-pc-guardamiglio.html (Guardamiglio, Lodi) - 76.4KB
✅ riparazione-pc-livraga.html (Livraga, Lodi) - 76.2KB
✅ riparazione-pc-lodi.html (Lodi, Lodi) - 76.0KB
✅ riparazione-pc-lodi-vecchio.html (Lodi Vecchio, Lodi) - 76.4KB
✅ riparazione-pc-maccastorna.html (Maccastorna, Lodi) - 76.3KB
✅ riparazione-pc-mairago.html (Mairago, Lodi) - 76.2KB
✅ riparazione-pc-maleo.html (Maleo, Lodi) - 76.1KB
✅ riparazione-pc-marudo.html (Marudo, Lodi) - 76.1KB
✅ riparazione-pc-massalengo.html (Massalengo, Lodi) - 76.3KB
✅ riparazione-pc-meleti.html (Meleti, Lodi) - 76.1KB
✅ riparazione-pc-merlino.html (Merlino, Lodi) - 76.2KB
✅ riparazione-pc-montanaso-lombardo.html (Montanaso Lombardo, Lodi) - 76.6KB
✅ riparazione-pc-mulazzano.html (Mulazzano, Lodi) - 76.2KB
✅ riparazione-pc-orio-litta.html (Orio Litta, Lodi) - 76.3KB
✅ riparazione-pc-ospedaletto-lodigiano.html (Ospedaletto Lodigiano, Lodi) - 76.7KB
✅ riparazione-pc-ossago-lodigiano.html (Ossago Lodigiano, Lodi) - 76.5KB
✅ riparazione-pc-pieve-fissiraga.html (Pieve Fissiraga, Lodi) - 76.5KB
✅ riparazione-pc-salerano-sul-lambro.html (Salerano sul Lambro, Lodi) - 76.7KB
✅ riparazione-pc-san-fiorano.html (San Fiorano, Lodi) - 76.3KB
✅ riparazione-pc-san-martino-in-strada.html (San Martino in Strada, Lodi) - 76.7KB
✅ riparazione-pc-san-rocco-al-porto.html (San Rocco al Porto, Lodi) - 76.6KB
✅ riparazione-pc-santangelo-lodigiano.html (Sant'Angelo Lodigiano, Lodi) - 76.7KB
✅ riparazione-pc-santo-stefano-lodigiano.html (Santo Stefano Lodigiano, Lodi) - 76.8KB
✅ riparazione-pc-secugnago.html (Secugnago, Lodi) - 76.2KB
✅ riparazione-pc-senna-lodigiana.html (Senna Lodigiana, Lodi) - 76.5KB
✅ riparazione-pc-somaglia.html (Somaglia, Lodi) - 76.2KB
✅ riparazione-pc-sordio.html (Sordio, Lodi) - 76.1KB
✅ riparazione-pc-tavazzano-con-villavesco.html (Tavazzano con Villavesco, Lodi) - 76.9KB
✅ riparazione-pc-terranova-dei-passerini.html (Terranova dei Passerini, Lodi) - 76.8KB
✅ riparazione-pc-turano-lodigiano.html (Turano Lodigiano, Lodi) - 76.5KB
✅ riparazione-pc-valera-fratta.html (Valera Fratta, Lodi) - 76.4KB
✅ riparazione-pc-villanova-del-sillaro.html (Villanova del Sillaro, Lodi) - 76.7KB
✅ riparazione-pc-zelo-buon-persico.html (Zelo Buon Persico, Lodi) - 76.6KB
✅ riparazione-pc-castelgerundo.html (Castelgerundo, Lodi) - 76.4KB
✅ riparazione-pc-agrate-brianza.html (Agrate Brianza, Monza e della Brianza) - 76.4KB
✅ riparazione-pc-aicurzio.html (Aicurzio, Monza e della Brianza) - 76.2KB
✅ riparazione-pc-albiate.html (Albiate, Monza e della Brianza) - 76.2KB
✅ riparazione-pc-arcore.html (Arcore, Monza e della Brianza) - 76.1KB
✅ riparazione-pc-barlassina.html (Barlassina, Monza e della Brianza) - 76.3KB
✅ riparazione-pc-bellusco.html (Bellusco, Monza e della Brianza) - 76.2KB
✅ riparazione-pc-bernareggio.html (Bernareggio, Monza e della Brianza) - 76.3KB
✅ riparazione-pc-besana-in-brianza.html (Besana in Brianza, Monza e della Brianza) - 76.6KB
✅ riparazione-pc-biassono.html (Biassono, Monza e della Brianza) - 76.2KB
✅ riparazione-pc-bovisio-masciago.html (Bovisio-Masciago, Monza e della Brianza) - 76.5KB
✅ riparazione-pc-briosco.html (Briosco, Monza e della Brianza) - 76.2KB
✅ riparazione-pc-brugherio.html (Brugherio, Monza e della Brianza) - 76.2KB
✅ riparazione-pc-burago-di-molgora.html (Burago di Molgora, Monza e della Brianza) - 76.6KB
✅ riparazione-pc-camparada.html (Camparada, Monza e della Brianza) - 76.2KB
✅ riparazione-pc-carate-brianza.html (Carate Brianza, Monza e della Brianza) - 76.4KB
✅ riparazione-pc-carnate.html (Carnate, Monza e della Brianza) - 76.2KB
✅ riparazione-pc-cavenago-di-brianza.html (Cavenago di Brianza, Monza e della Brianza) - 76.7KB
✅ riparazione-pc-ceriano-laghetto.html (Ceriano Laghetto, Monza e della Brianza) - 76.5KB
✅ riparazione-pc-cesano-maderno.html (Cesano Maderno, Monza e della Brianza) - 76.4KB
✅ riparazione-pc-cogliate.html (Cogliate, Monza e della Brianza) - 76.2KB
✅ riparazione-pc-concorezzo.html (Concorezzo, Monza e della Brianza) - 76.3KB
✅ riparazione-pc-correzzana.html (Correzzana, Monza e della Brianza) - 76.3KB
✅ riparazione-pc-desio.html (Desio, Monza e della Brianza) - 76.1KB
✅ riparazione-pc-giussano.html (Giussano, Monza e della Brianza) - 76.2KB
✅ riparazione-pc-lazzate.html (Lazzate, Monza e della Brianza) - 76.2KB
✅ riparazione-pc-lesmo.html (Lesmo, Monza e della Brianza) - 76.1KB
✅ riparazione-pc-limbiate.html (Limbiate, Monza e della Brianza) - 76.2KB
✅ riparazione-pc-lissone.html (Lissone, Monza e della Brianza) - 76.2KB
✅ riparazione-pc-macherio.html (Macherio, Monza e della Brianza) - 76.2KB
✅ riparazione-pc-meda.html (Meda, Monza e della Brianza) - 76.0KB
✅ riparazione-pc-mezzago.html (Mezzago, Monza e della Brianza) - 76.2KB
✅ riparazione-pc-misinto.html (Misinto, Monza e della Brianza) - 76.2KB
✅ riparazione-pc-monza.html (Monza, Monza e della Brianza) - 76.1KB
✅ riparazione-pc-muggio.html (Muggiò, Monza e della Brianza) - 76.1KB
✅ riparazione-pc-nova-milanese.html (Nova Milanese, Monza e della Brianza) - 76.4KB
✅ riparazione-pc-ornago.html (Ornago, Monza e della Brianza) - 76.1KB
✅ riparazione-pc-renate.html (Renate, Monza e della Brianza) - 76.1KB
✅ riparazione-pc-ronco-briantino.html (Ronco Briantino, Monza e della Brianza) - 76.5KB
✅ riparazione-pc-seregno.html (Seregno, Monza e della Brianza) - 76.2KB
✅ riparazione-pc-seveso.html (Seveso, Monza e della Brianza) - 76.1KB
✅ riparazione-pc-sovico.html (Sovico, Monza e della Brianza) - 76.1KB
✅ riparazione-pc-sulbiate.html (Sulbiate, Monza e della Brianza) - 76.2KB
✅ riparazione-pc-triuggio.html (Triuggio, Monza e della Brianza) - 76.2KB
✅ riparazione-pc-usmate-velate.html (Usmate Velate, Monza e della Brianza) - 76.4KB
✅ riparazione-pc-varedo.html (Varedo, Monza e della Brianza) - 76.1KB
✅ riparazione-pc-vedano-al-lambro.html (Vedano al Lambro, Monza e della Brianza) - 76.5KB
✅ riparazione-pc-veduggio-con-colzano.html (Veduggio con Colzano, Monza e della Brianza) - 76.7KB
✅ riparazione-pc-verano-brianza.html (Verano Brianza, Monza e della Brianza) - 76.4KB
✅ riparazione-pc-villasanta.html (Villasanta, Monza e della Brianza) - 76.3KB
✅ riparazione-pc-vimercate.html (Vimercate, Monza e della Brianza) - 76.2KB
✅ riparazione-pc-busnago.html (Busnago, Monza e della Brianza) - 76.2KB
✅ riparazione-pc-caponago.html (Caponago, Monza e della Brianza) - 76.2KB
✅ riparazione-pc-cornate-dadda.html (Cornate d'Adda, Monza e della Brianza) - 76.4KB
✅ riparazione-pc-lentate-sul-seveso.html (Lentate sul Seveso, Monza e della Brianza) - 76.6KB
✅ riparazione-pc-roncello.html (Roncello, Monza e della Brianza) - 76.2KB

No errors occurred during generation.

TEMPLATE DETAILS
----------------
Original Size: 78089 characters
Placeholders: {{CITY}}, {{CITY_SLUG}}, {{REGION}}, {{PROVINCE}}, {{PROVINCE_CODE}}, {{ISTAT_CODE}}

OUTPUT STRUCTURE
----------------
- Pages saved to: /Users/andreapanzeri/progetti/IT-ERA/web/pages
- Naming pattern: riparazione-pc-[city-slug].html
- Sitemap updated: /Users/andreapanzeri/progetti/IT-ERA/web/sitemap.xml
- Log file: /Users/andreapanzeri/progetti/IT-ERA/logs/pc-repair-generation.log

GENERATION COMPLETE
==================
All 1502 PC repair pages have been successfully generated!