2025-08-24 17:57:38,557 - INFO - Starting PC repair pages generation...
2025-08-24 17:57:38,557 - INFO - ==================================================
2025-08-24 17:57:38,595 - INFO - Backing up 1626 existing PC repair pages
2025-08-24 17:57:39,288 - INFO - Backup completed: backup/pc_repair_backup_20250824_175738
2025-08-24 17:57:39,294 - INFO - Loaded 1502 cities from 12 provinces
2025-08-24 17:57:39,296 - INFO - Template loaded and cleaned successfully
2025-08-24 17:57:39,296 - INFO - Processing 1502 cities...
2025-08-24 17:57:39,296 - INFO - Processing batch 1/31 (50 cities)
2025-08-24 17:57:39,296 - INFO - Processing batch 2/31 (50 cities)
2025-08-24 17:57:39,296 - INFO - Processing batch 3/31 (50 cities)
2025-08-24 17:57:39,297 - INFO - Processing batch 4/31 (50 cities)
2025-08-24 17:57:39,298 - INFO - Processing batch 5/31 (50 cities)
2025-08-24 17:57:39,299 - INFO - Processing batch 6/31 (50 cities)
2025-08-24 17:57:39,299 - INFO - Processing batch 7/31 (50 cities)
2025-08-24 17:57:39,300 - INFO - Processing batch 8/31 (50 cities)
2025-08-24 17:57:39,300 - INFO - Processing batch 9/31 (50 cities)
2025-08-24 17:57:39,300 - INFO - Processing batch 10/31 (50 cities)
2025-08-24 17:57:39,301 - INFO - Processing batch 11/31 (50 cities)
2025-08-24 17:57:39,301 - INFO - Processing batch 12/31 (50 cities)
2025-08-24 17:57:39,301 - INFO - Processing batch 13/31 (50 cities)
2025-08-24 17:57:39,301 - INFO - Processing batch 14/31 (50 cities)
2025-08-24 17:57:39,301 - INFO - Processing batch 15/31 (50 cities)
2025-08-24 17:57:39,301 - INFO - Processing batch 16/31 (50 cities)
2025-08-24 17:57:39,301 - INFO - Processing batch 17/31 (50 cities)
2025-08-24 17:57:39,301 - INFO - Processing batch 18/31 (50 cities)
2025-08-24 17:57:39,301 - INFO - Processing batch 19/31 (50 cities)
2025-08-24 17:57:39,301 - INFO - Processing batch 20/31 (50 cities)
2025-08-24 17:57:39,301 - INFO - Processing batch 21/31 (50 cities)
2025-08-24 17:57:39,301 - INFO - Processing batch 22/31 (50 cities)
2025-08-24 17:57:39,301 - INFO - Processing batch 23/31 (50 cities)
2025-08-24 17:57:39,301 - INFO - Processing batch 24/31 (50 cities)
2025-08-24 17:57:39,301 - INFO - Processing batch 25/31 (50 cities)
2025-08-24 17:57:39,301 - INFO - Processing batch 26/31 (50 cities)
2025-08-24 17:57:39,301 - INFO - Processing batch 27/31 (50 cities)
2025-08-24 17:57:39,301 - INFO - Processing batch 28/31 (50 cities)
2025-08-24 17:57:39,301 - INFO - Processing batch 29/31 (50 cities)
2025-08-24 17:57:39,301 - INFO - Processing batch 30/31 (50 cities)
2025-08-24 17:57:39,301 - INFO - Processing batch 31/31 (2 cities)
2025-08-24 17:57:39,351 - INFO - Batch 1 completed: 50 success, 0 errors
2025-08-24 17:57:39,351 - INFO - Batch 2 completed: 50 success, 0 errors
2025-08-24 17:57:39,352 - INFO - Batch 3 completed: 50 success, 0 errors
2025-08-24 17:57:39,353 - INFO - Batch 4 completed: 50 success, 0 errors
2025-08-24 17:57:39,404 - INFO - Batch 5 completed: 50 success, 0 errors
2025-08-24 17:57:39,404 - INFO - Batch 6 completed: 50 success, 0 errors
2025-08-24 17:57:39,405 - INFO - Batch 7 completed: 50 success, 0 errors
2025-08-24 17:57:39,405 - INFO - Batch 8 completed: 50 success, 0 errors
2025-08-24 17:57:39,456 - INFO - Batch 9 completed: 50 success, 0 errors
2025-08-24 17:57:39,458 - INFO - Batch 10 completed: 50 success, 0 errors
2025-08-24 17:57:39,459 - INFO - Batch 11 completed: 50 success, 0 errors
2025-08-24 17:57:39,459 - INFO - Batch 12 completed: 50 success, 0 errors
2025-08-24 17:57:39,526 - INFO - Batch 13 completed: 50 success, 0 errors
2025-08-24 17:57:39,533 - INFO - Batch 14 completed: 50 success, 0 errors
2025-08-24 17:57:39,535 - INFO - Batch 15 completed: 50 success, 0 errors
2025-08-24 17:57:39,536 - INFO - Batch 16 completed: 50 success, 0 errors
2025-08-24 17:57:39,583 - INFO - Batch 17 completed: 50 success, 0 errors
2025-08-24 17:57:39,587 - INFO - Batch 18 completed: 50 success, 0 errors
2025-08-24 17:57:39,591 - INFO - Batch 19 completed: 50 success, 0 errors
2025-08-24 17:57:39,592 - INFO - Batch 20 completed: 50 success, 0 errors
2025-08-24 17:57:39,639 - INFO - Batch 21 completed: 50 success, 0 errors
2025-08-24 17:57:39,642 - INFO - Batch 22 completed: 50 success, 0 errors
2025-08-24 17:57:39,648 - INFO - Batch 23 completed: 50 success, 0 errors
2025-08-24 17:57:39,649 - INFO - Batch 24 completed: 50 success, 0 errors
2025-08-24 17:57:39,693 - INFO - Batch 25 completed: 50 success, 0 errors
2025-08-24 17:57:39,696 - INFO - Batch 26 completed: 50 success, 0 errors
2025-08-24 17:57:39,705 - INFO - Batch 27 completed: 50 success, 0 errors
2025-08-24 17:57:39,705 - INFO - Batch 28 completed: 50 success, 0 errors
2025-08-24 17:57:39,707 - INFO - Batch 29 completed: 2 success, 0 errors
2025-08-24 17:57:39,793 - INFO - Batch 30 completed: 50 success, 0 errors
2025-08-24 17:57:39,794 - INFO - Batch 31 completed: 50 success, 0 errors
2025-08-24 17:57:39,794 - INFO - Updating sitemap...
2025-08-24 17:57:39,794 - INFO - Generated 1502 PC repair URLs for sitemap
2025-08-24 17:57:39,802 - INFO - Sitemap updated with 1502 PC repair pages
2025-08-24 17:57:39,802 - INFO - Verifying sample generated pages...
2025-08-24 17:57:39,802 - INFO - ✓ Milano page generated correctly
2025-08-24 17:57:39,803 - INFO - ✓ Milano page clean of 'gratuito' references
2025-08-24 17:57:39,803 - INFO - ✓ Bergamo page generated correctly
2025-08-24 17:57:39,803 - INFO - ✓ Bergamo page clean of 'gratuito' references
2025-08-24 17:57:39,804 - INFO - ✓ Segrate page generated correctly
2025-08-24 17:57:39,804 - INFO - ✓ Segrate page clean of 'gratuito' references
2025-08-24 17:57:39,804 - INFO - ==================================================
2025-08-24 17:57:39,804 - INFO - PC REPAIR PAGES GENERATION COMPLETED
2025-08-24 17:57:39,804 - INFO - Total cities processed: 1502
2025-08-24 17:57:39,804 - INFO - Successful generations: 1502
2025-08-24 17:57:39,804 - INFO - Errors: 0
2025-08-24 17:57:39,804 - INFO - Success rate: 100.0%
2025-08-24 17:57:39,804 - INFO - ✅ All PC repair pages generated successfully!
2025-08-24 17:57:39,804 - INFO - Pages saved to: /Users/andreapanzeri/progetti/IT-ERA/web/pages
2025-08-24 17:57:39,804 - INFO - Log file: logs/pc-repair-generation-20250824_175739.log
